#
# There is insufficient memory for the Java Runtime Environment to continue.
# Native memory allocation (mmap) failed to map 67108864 bytes for G1 virtual space
# Possible reasons:
#   The system is out of physical RAM or swap space
#   The process is running with CompressedOops enabled, and the Java Heap may be blocking the growth of the native heap
# Possible solutions:
#   Reduce memory load on the system
#   Increase physical memory or swap space
#   Check if swap backing store is full
#   Decrease Java heap size (-Xmx/-Xms)
#   Decrease number of Java threads
#   Decrease Java thread stack sizes (-Xss)
#   Set larger code cache with -XX:ReservedCodeCacheSize=
#   JVM is running with Unscaled Compressed Oops mode in which the Java heap is
#     placed in the first 4GB address space. The Java Heap base address is the
#     maximum limit for the native heap growth. Please use -XX:HeapBaseMinAddress
#     to set the Java Heap base and to place the Java Heap above 4GB virtual address.
# This output file may be truncated or incomplete.
#
#  Out of Memory Error (os_windows.cpp:3600), pid=14396, tid=17612
#
# JRE version:  (21.0.2+13) (build )
# Java VM: Java HotSpot(TM) 64-Bit Server VM (21.0.2+13-LTS-58, mixed mode, sharing, tiered, compressed oops, compressed class ptrs, g1 gc, windows-amd64)
# No core dump will be written. Minidumps are not enabled by default on client versions of Windows
#

---------------  S U M M A R Y ------------

Command Line: -Dfile.encoding=UTF-8 --module-path=R:\CSJM University all files\projects\University Management System\build\classes university.management.system.AddStudent

Host: Intel(R) Core(TM) i3-6006U CPU @ 2.00GHz, 4 cores, 3G,  Windows 10 , 64 bit Build 19041 (10.0.19041.3636)
Time: Sun Mar  3 22:24:21 2024 India Standard Time elapsed time: 0.038372 seconds (0d 0h 0m 0s)

---------------  T H R E A D  ---------------

Current thread (0x000001806433d250):  JavaThread "Unknown thread" [_thread_in_vm, id=17612, stack(0x00000033c9600000,0x00000033c9700000) (1024K)]

Stack: [0x00000033c9600000,0x00000033c9700000]
Native frames: (J=compiled Java code, j=interpreted, Vv=VM code, C=native code)
V  [jvm.dll+0x6cade9]
V  [jvm.dll+0x8569c1]
V  [jvm.dll+0x858d2e]
V  [jvm.dll+0x859413]
V  [jvm.dll+0x280e56]
V  [jvm.dll+0x6c74d5]
V  [jvm.dll+0x6bbeca]
V  [jvm.dll+0x355bca]
V  [jvm.dll+0x35d816]
V  [jvm.dll+0x3ae67e]
V  [jvm.dll+0x3ae928]
V  [jvm.dll+0x3295dc]
V  [jvm.dll+0x32a16b]
V  [jvm.dll+0x81efa9]
V  [jvm.dll+0x3bba01]
V  [jvm.dll+0x807928]
V  [jvm.dll+0x44f50e]
V  [jvm.dll+0x450e11]
C  [jli.dll+0x52a3]
C  [ucrtbase.dll+0x21bb2]
C  [KERNEL32.DLL+0x17344]
C  [ntdll.dll+0x526b1]


---------------  P R O C E S S  ---------------

Threads class SMR info:
_java_thread_list=0x00007ffc988bbb88, length=0, elements={
}

Java Threads: ( => current thread )
Total: 0

Other Threads:
  0x00000180665fed10 WorkerThread "GC Thread#0"                     [id=17616, stack(0x00000033c9700000,0x00000033c9800000) (1024K)]
  0x0000018066609be0 ConcurrentGCThread "G1 Main Marker"            [id=17604, stack(0x00000033c9800000,0x00000033c9900000) (1024K)]
  0x000001806660a6e0 WorkerThread "G1 Conc#0"                       [id=17240, stack(0x00000033c9900000,0x00000033c9a00000) (1024K)]

[error occurred during error reporting (printing all threads), id 0xc0000005, EXCEPTION_ACCESS_VIOLATION (0xc0000005) at pc=0x00007ffc9802c6a7]
VM state: not at safepoint (not fully initialized)

VM Mutex/Monitor currently owned by a thread:  ([mutex/lock_event])
[0x00007ffc9892ce68] Heap_lock - owner thread: 0x000001806433d250

Heap address: 0x00000000c1400000, size: 1004 MB, Compressed Oops mode: 32-bit

CDS archive(s) mapped at: [0x0000000000000000-0x0000000000000000-0x0000000000000000), size 0, SharedBaseAddress: 0x0000000800000000, ArchiveRelocationMode: 1.
Narrow klass base: 0x0000000000000000, Narrow klass shift: 0, Narrow klass range: 0x0

GC Precious Log:
 CardTable entry size: 512
 Card Set container configuration: InlinePtr #cards 5 size 8 Array Of Cards #cards 12 size 40 Howl #buckets 4 coarsen threshold 1843 Howl Bitmap #cards 512 size 80 coarsen threshold 460 Card regions per heap region 1 cards per card region 2048

Heap:
 garbage-first heap   total 0K, used 0K [0x00000000c1400000, 0x0000000100000000)
  region size 1024K, 0 young (0K), 0 survivors (0K)

[error occurred during error reporting (printing heap information), id 0xc0000005, EXCEPTION_ACCESS_VIOLATION (0xc0000005) at pc=0x00007ffc984139f9]
GC Heap History (0 events):
No events

Dll operation events (1 events):
Event: 0.013 Loaded shared library C:\Program Files\Java\jdk-21\bin\java.dll

Deoptimization events (0 events):
No events

Classes loaded (0 events):
No events

Classes unloaded (0 events):
No events

Classes redefined (0 events):
No events

Internal exceptions (0 events):
No events

ZGC Phase Switch (0 events):
No events

VM Operations (0 events):
No events

Events (0 events):
No events


Dynamic libraries:
0x00007ff6d2b00000 - 0x00007ff6d2b10000 	C:\Program Files\Java\jdk-21\bin\java.exe
0x00007ffccc530000 - 0x00007ffccc728000 	C:\WINDOWS\SYSTEM32\ntdll.dll
0x00007ffccc430000 - 0x00007ffccc4ed000 	C:\WINDOWS\System32\KERNEL32.DLL
0x00007ffcc9fa0000 - 0x00007ffcca296000 	C:\WINDOWS\System32\KERNELBASE.dll
0x00007ffcca310000 - 0x00007ffcca410000 	C:\WINDOWS\System32\ucrtbase.dll
0x00007ffcba930000 - 0x00007ffcba94b000 	C:\Program Files\Java\jdk-21\bin\VCRUNTIME140.dll
0x00007ffcb97f0000 - 0x00007ffcb9809000 	C:\Program Files\Java\jdk-21\bin\jli.dll
0x00007ffccbc90000 - 0x00007ffccbd43000 	C:\WINDOWS\System32\ADVAPI32.dll
0x00007ffcca570000 - 0x00007ffcca60e000 	C:\WINDOWS\System32\msvcrt.dll
0x00007ffccaab0000 - 0x00007ffccab4f000 	C:\WINDOWS\System32\sechost.dll
0x00007ffccc190000 - 0x00007ffccc2b6000 	C:\WINDOWS\System32\RPCRT4.dll
0x00007ffcc9f20000 - 0x00007ffcc9f47000 	C:\WINDOWS\System32\bcrypt.dll
0x00007ffccbaf0000 - 0x00007ffccbc8e000 	C:\WINDOWS\System32\USER32.dll
0x00007ffcc9d20000 - 0x00007ffcc9d42000 	C:\WINDOWS\System32\win32u.dll
0x00007ffccaa80000 - 0x00007ffccaaab000 	C:\WINDOWS\System32\GDI32.dll
0x00007ffcc9d50000 - 0x00007ffcc9e67000 	C:\WINDOWS\System32\gdi32full.dll
0x00007ffcb7f60000 - 0x00007ffcb81fa000 	C:\WINDOWS\WinSxS\amd64_microsoft.windows.common-controls_6595b64144ccf1df_6.0.19041.3636_none_60b6a03d71f818d5\COMCTL32.dll
0x00007ffcc9bf0000 - 0x00007ffcc9c8d000 	C:\WINDOWS\System32\msvcp_win.dll
0x00007ffcc0610000 - 0x00007ffcc061a000 	C:\WINDOWS\SYSTEM32\VERSION.dll
0x00007ffccbfc0000 - 0x00007ffccbff2000 	C:\WINDOWS\System32\IMM32.DLL
0x00007ffcc5390000 - 0x00007ffcc539c000 	C:\Program Files\Java\jdk-21\bin\vcruntime140_1.dll
0x00007ffcace90000 - 0x00007ffcacf1e000 	C:\Program Files\Java\jdk-21\bin\msvcp140.dll
0x00007ffc97cf0000 - 0x00007ffc98a07000 	C:\Program Files\Java\jdk-21\bin\server\jvm.dll
0x00007ffccc120000 - 0x00007ffccc18b000 	C:\WINDOWS\System32\WS2_32.dll
0x00007ffcc9a50000 - 0x00007ffcc9a9b000 	C:\WINDOWS\SYSTEM32\POWRPROF.dll
0x00007ffcb5680000 - 0x00007ffcb56a7000 	C:\WINDOWS\SYSTEM32\WINMM.dll
0x00007ffcc9a30000 - 0x00007ffcc9a42000 	C:\WINDOWS\SYSTEM32\UMPDC.dll
0x00007ffcc8410000 - 0x00007ffcc8422000 	C:\WINDOWS\SYSTEM32\kernel.appcore.dll
0x00007ffcc3550000 - 0x00007ffcc355a000 	C:\Program Files\Java\jdk-21\bin\jimage.dll
0x00007ffcc7980000 - 0x00007ffcc7b64000 	C:\WINDOWS\SYSTEM32\DBGHELP.DLL
0x00007ffcb6990000 - 0x00007ffcb69c4000 	C:\WINDOWS\SYSTEM32\dbgcore.DLL
0x00007ffcc9c90000 - 0x00007ffcc9d12000 	C:\WINDOWS\System32\bcryptPrimitives.dll
0x00007ffcb97d0000 - 0x00007ffcb97ef000 	C:\Program Files\Java\jdk-21\bin\java.dll

dbghelp: loaded successfully - version: 4.0.5 - missing functions: none
symbol engine: initialized successfully - sym options: 0x614 - pdb path: .;C:\Program Files\Java\jdk-21\bin;C:\WINDOWS\SYSTEM32;C:\WINDOWS\WinSxS\amd64_microsoft.windows.common-controls_6595b64144ccf1df_6.0.19041.3636_none_60b6a03d71f818d5;C:\Program Files\Java\jdk-21\bin\server

VM Arguments:
jvm_args: -Dfile.encoding=UTF-8 --module-path=R:\CSJM University all files\projects\University Management System\build\classes 
java_command: university.management.system.AddStudent
java_class_path (initial): R:\CSJM University all files\mysql-connector-java-8.0.28.jar;R:\CSJM University all files\jcalendar-tz-1.3.3-4.jar;R:\CSJM University all files\projects\University Management System\build\classes
Launcher Type: SUN_STANDARD

[Global flags]
     intx CICompilerCount                          = 3                                         {product} {ergonomic}
     uint ConcGCThreads                            = 1                                         {product} {ergonomic}
     uint G1ConcRefinementThreads                  = 4                                         {product} {ergonomic}
   size_t G1HeapRegionSize                         = 1048576                                   {product} {ergonomic}
    uintx GCDrainStackTargetSize                   = 64                                        {product} {ergonomic}
   size_t InitialHeapSize                          = 67108864                                  {product} {ergonomic}
   size_t MarkStackSize                            = 4194304                                   {product} {ergonomic}
   size_t MaxHeapSize                              = 1052770304                                {product} {ergonomic}
   size_t MinHeapDeltaBytes                        = 1048576                                   {product} {ergonomic}
   size_t MinHeapSize                              = 8388608                                   {product} {ergonomic}
    uintx NonNMethodCodeHeapSize                   = 5832780                                {pd product} {ergonomic}
    uintx NonProfiledCodeHeapSize                  = 122912730                              {pd product} {ergonomic}
    uintx ProfiledCodeHeapSize                     = 122912730                              {pd product} {ergonomic}
    uintx ReservedCodeCacheSize                    = 251658240                              {pd product} {ergonomic}
     bool SegmentedCodeCache                       = true                                      {product} {ergonomic}
   size_t SoftMaxHeapSize                          = 1052770304                             {manageable} {ergonomic}
     bool UseCompressedOops                        = true                           {product lp64_product} {ergonomic}
     bool UseG1GC                                  = true                                      {product} {ergonomic}
     bool UseLargePagesIndividualAllocation        = false                                  {pd product} {ergonomic}

Logging:
Log output configuration:
 #0: stdout all=warning uptime,level,tags foldmultilines=false
 #1: stderr all=off uptime,level,tags foldmultilines=false

Environment Variables:
PATH=C:\Program Files\Common Files\Oracle\Java\javapath;C:\Python;C:\Python\Scripts;C:\Program Files (x86)\Common Files\Oracle\Java\javapath;C:\WINDOWS\system32;C:\WINDOWS;C:\WINDOWS\System32\Wbem;C:\WINDOWS\System32\WindowsPowerShell\v1.0\;C:\WINDOWS\System32\OpenSSH\;C:\Program Files (x86)\HP\Common\HPDestPlgIn\;G:\matlab installing\runtime\win64;G:\matlab installing\bin;C:\Python 38;C:\Python 38\Scripts;C:\Program Files\Java\jdk1.7.0_80\bin;C:\Program Files\Java\jre1.8.0_191\bin;C:\Program Files\Cloudflare\Cloudflare WARP\;C:\Program Files\MySQL\MySQL Shell 8.0\bin\;C:\Program Files (x86)\HP\Common\HPDestPlgIn\;C:\Users\RAHUL\AppData\Local\Programs\Microsoft VS Code\bin;C:\Program Files (x86)\mingw-w64\i686-8.1.0-posix-dwarf-rt_v6-rev0\mingw32\bin;C:\Users\RAHUL\AppData\Local\Microsoft\WindowsApps;C:\MinGW\bin;
USERNAME=RAHUL
OS=Windows_NT
PROCESSOR_IDENTIFIER=Intel64 Family 6 Model 78 Stepping 3, GenuineIntel
TMP=C:\Users\RAHUL\AppData\Local\Temp
TEMP=C:\Users\RAHUL\AppData\Local\Temp




Periodic native trim disabled

---------------  S Y S T E M  ---------------

OS:
 Windows 10 , 64 bit Build 19041 (10.0.19041.3636)
OS uptime: 2 days 0:03 hours

CPU: total 4 (initial active 4) (2 cores per cpu, 2 threads per core) family 6 model 78 stepping 3 microcode 0xcc, cx8, cmov, fxsr, ht, mmx, 3dnowpref, sse, sse2, sse3, ssse3, sse4.1, sse4.2, popcnt, lzcnt, tsc, tscinvbit, avx, avx2, aes, erms, clmul, bmi1, bmi2, adx, fma, vzeroupper, clflush, clflushopt, rdtscp, f16c
Processor Information for all 4 processors :
  Max Mhz: 2000, Current Mhz: 2000, Mhz Limit: 2000

Memory: 4k page, system-wide physical 4012M (335M free)
TotalPageFile size 16300M (AvailPageFile size 33M)
current process WorkingSet (physical memory assigned to process): 10M, peak: 10M
current process commit charge ("private bytes"): 51M, peak: 115M

vm_info: Java HotSpot(TM) 64-Bit Server VM (21.0.2+13-LTS-58) for windows-amd64 JRE (21.0.2+13-LTS-58), built on 2024-01-05T18:32:24Z by "mach5one" with MS VC++ 17.1 (VS2022)

END.
