#
# There is insufficient memory for the Java Runtime Environment to continue.
# Native memory allocation (mmap) failed to map 245366784 bytes for G1 virtual space
# Possible reasons:
#   The system is out of physical RAM or swap space
#   The process is running with CompressedOops enabled, and the Java Heap may be blocking the growth of the native heap
# Possible solutions:
#   Reduce memory load on the system
#   Increase physical memory or swap space
#   Check if swap backing store is full
#   Decrease Java heap size (-Xmx/-Xms)
#   Decrease number of Java threads
#   Decrease Java thread stack sizes (-Xss)
#   Set larger code cache with -XX:ReservedCodeCacheSize=
#   JVM is running with Unscaled Compressed Oops mode in which the Java heap is
#     placed in the first 4GB address space. The Java Heap base address is the
#     maximum limit for the native heap growth. Please use -XX:HeapBaseMinAddress
#     to set the Java Heap base and to place the Java Heap above 4GB virtual address.
# This output file may be truncated or incomplete.
#
#  Out of Memory Error (os_windows.cpp:3600), pid=10520, tid=18060
#
# JRE version: Java(TM) SE Runtime Environment (21.0.2+13) (build 21.0.2+13-LTS-58)
# Java VM: Java HotSpot(TM) 64-Bit Server VM (21.0.2+13-LTS-58, mixed mode, sharing, tiered, compressed oops, compressed class ptrs, g1 gc, windows-amd64)
# No core dump will be written. Minidumps are not enabled by default on client versions of Windows
#

---------------  S U M M A R Y ------------

Command Line: -Dfile.encoding=UTF-8 --module-path=R:\CSJM University all files\projects\University Management System\build\classes university.management.system.Login

Host: Intel(R) Core(TM) i3-6006U CPU @ 2.00GHz, 4 cores, 3G,  Windows 10 , 64 bit Build 19041 (10.0.19041.3636)
Time: Fri Mar  1 15:32:49 2024 India Standard Time elapsed time: 10.006294 seconds (0d 0h 0m 10s)

---------------  T H R E A D  ---------------

Current thread (0x000001e065ad8730):  VMThread "VM Thread"          [id=18060, stack(0x0000006d4f700000,0x0000006d4f800000) (1024K)]

Stack: [0x0000006d4f700000,0x0000006d4f800000]
Native frames: (J=compiled Java code, j=interpreted, Vv=VM code, C=native code)
V  [jvm.dll+0x6cade9]
V  [jvm.dll+0x8569c1]
V  [jvm.dll+0x858d2e]
V  [jvm.dll+0x859413]
V  [jvm.dll+0x280e56]
V  [jvm.dll+0x6c74d5]
V  [jvm.dll+0x6bbeca]
V  [jvm.dll+0x355bca]
V  [jvm.dll+0x35d816]
V  [jvm.dll+0x3ae67e]
V  [jvm.dll+0x3ae928]
V  [jvm.dll+0x3295dc]
V  [jvm.dll+0x329667]
V  [jvm.dll+0x36df1c]
V  [jvm.dll+0x36c71d]
V  [jvm.dll+0x328d51]
V  [jvm.dll+0x36c148]
V  [jvm.dll+0x85ef18]
V  [jvm.dll+0x860014]
V  [jvm.dll+0x860550]
V  [jvm.dll+0x8607f3]
V  [jvm.dll+0x7ff568]
V  [jvm.dll+0x6c953d]
C  [ucrtbase.dll+0x21bb2]
C  [KERNEL32.DLL+0x17344]
C  [ntdll.dll+0x526b1]

VM_Operation (0x0000006d50afd948): G1TryInitiateConcMark, mode: safepoint, requested by thread 0x000001e07f417460


---------------  P R O C E S S  ---------------

Threads class SMR info:
_java_thread_list=0x000001e07ea59810, length=17, elements={
0x000001e06382b980, 0x000001e07e6a6420, 0x000001e07e6a6e50, 0x000001e07e6ab0e0,
0x000001e07e6adb70, 0x000001e07e6b0990, 0x000001e07e6aef50, 0x000001e07e6bfe60,
0x000001e07e6c8520, 0x000001e07e6b1020, 0x000001e07e6b16b0, 0x000001e07e6ae230,
0x000001e07e6af5e0, 0x000001e07e6afc70, 0x000001e07e6ae8c0, 0x000001e07f417460,
0x000001e07f4160b0
}

Java Threads: ( => current thread )
  0x000001e06382b980 JavaThread "main"                              [_thread_blocked, id=1700, stack(0x0000006d4f000000,0x0000006d4f100000) (1024K)]
  0x000001e07e6a6420 JavaThread "Reference Handler"          daemon [_thread_blocked, id=8736, stack(0x0000006d4f800000,0x0000006d4f900000) (1024K)]
  0x000001e07e6a6e50 JavaThread "Finalizer"                  daemon [_thread_blocked, id=11004, stack(0x0000006d4f900000,0x0000006d4fa00000) (1024K)]
  0x000001e07e6ab0e0 JavaThread "Signal Dispatcher"          daemon [_thread_blocked, id=11108, stack(0x0000006d4fa00000,0x0000006d4fb00000) (1024K)]
  0x000001e07e6adb70 JavaThread "Attach Listener"            daemon [_thread_blocked, id=16892, stack(0x0000006d4fb00000,0x0000006d4fc00000) (1024K)]
  0x000001e07e6b0990 JavaThread "Service Thread"             daemon [_thread_blocked, id=14892, stack(0x0000006d4fc00000,0x0000006d4fd00000) (1024K)]
  0x000001e07e6aef50 JavaThread "Monitor Deflation Thread"   daemon [_thread_blocked, id=920, stack(0x0000006d4fd00000,0x0000006d4fe00000) (1024K)]
  0x000001e07e6bfe60 JavaThread "C2 CompilerThread0"         daemon [_thread_blocked, id=6728, stack(0x0000006d4fe00000,0x0000006d4ff00000) (1024K)]
  0x000001e07e6c8520 JavaThread "C1 CompilerThread0"         daemon [_thread_blocked, id=17724, stack(0x0000006d4ff00000,0x0000006d50000000) (1024K)]
  0x000001e07e6b1020 JavaThread "Common-Cleaner"             daemon [_thread_blocked, id=2628, stack(0x0000006d50000000,0x0000006d50100000) (1024K)]
  0x000001e07e6b16b0 JavaThread "Notification Thread"        daemon [_thread_blocked, id=18100, stack(0x0000006d50100000,0x0000006d50200000) (1024K)]
  0x000001e07e6ae230 JavaThread "Java2D Disposer"            daemon [_thread_blocked, id=18096, stack(0x0000006d50200000,0x0000006d50300000) (1024K)]
  0x000001e07e6af5e0 JavaThread "AWT-Windows"                daemon [_thread_blocked, id=17072, stack(0x0000006d50400000,0x0000006d50500000) (1024K)]
  0x000001e07e6afc70 JavaThread "Image Fetcher 0"            daemon [_thread_blocked, id=18168, stack(0x0000006d50500000,0x0000006d50600000) (1024K)]
  0x000001e07e6ae8c0 JavaThread "AWT-Shutdown"                      [_thread_blocked, id=18032, stack(0x0000006d50900000,0x0000006d50a00000) (1024K)]
  0x000001e07f417460 JavaThread "AWT-EventQueue-0"                  [_thread_blocked, id=18352, stack(0x0000006d50a00000,0x0000006d50b00000) (1024K)]
  0x000001e07f4160b0 JavaThread "TimerQueue"                 daemon [_thread_blocked, id=11620, stack(0x0000006d50e00000,0x0000006d50f00000) (1024K)]
Total: 17

Other Threads:
=>0x000001e065ad8730 VMThread "VM Thread"                           [id=18060, stack(0x0000006d4f700000,0x0000006d4f800000) (1024K)]
  0x000001e07e69cc70 WatcherThread "VM Periodic Task Thread"        [id=16860, stack(0x0000006d4f600000,0x0000006d4f700000) (1024K)]
  0x000001e065a4da10 WorkerThread "GC Thread#0"                     [id=16664, stack(0x0000006d4f100000,0x0000006d4f200000) (1024K)]
  0x000001e07ebfef50 WorkerThread "GC Thread#1"                     [id=18208, stack(0x0000006d50600000,0x0000006d50700000) (1024K)]
  0x000001e07ec59840 WorkerThread "GC Thread#2"                     [id=8960, stack(0x0000006d50700000,0x0000006d50800000) (1024K)]
  0x000001e07ec59be0 WorkerThread "GC Thread#3"                     [id=14476, stack(0x0000006d50800000,0x0000006d50900000) (1024K)]
  0x000001e065a59860 ConcurrentGCThread "G1 Main Marker"            [id=18400, stack(0x0000006d4f200000,0x0000006d4f300000) (1024K)]
  0x000001e065a5b220 WorkerThread "G1 Conc#0"                       [id=18076, stack(0x0000006d4f300000,0x0000006d4f400000) (1024K)]
  0x000001e065aae520 ConcurrentGCThread "G1 Refine#0"               [id=18108, stack(0x0000006d4f400000,0x0000006d4f500000) (1024K)]
  0x000001e065ab0bc0 ConcurrentGCThread "G1 Service"                [id=18088, stack(0x0000006d4f500000,0x0000006d4f600000) (1024K)]
Total: 10

Threads with active compile tasks:
C1 CompilerThread0    10821 1838       3       java.util.AbstractSequentialList::iterator (5 bytes)
Total: 1

VM state: at safepoint (normal execution)

VM Mutex/Monitor currently owned by a thread:  ([mutex/lock_event])
[0x00007ff8aedecd68] Threads_lock - owner thread: 0x000001e065ad8730
[0x00007ff8aedece68] Heap_lock - owner thread: 0x000001e07f417460

Heap address: 0x00000000c1400000, size: 1004 MB, Compressed Oops mode: 32-bit

CDS archive(s) mapped at: [0x000001e002000000-0x000001e002c90000-0x000001e002c90000), size 13172736, SharedBaseAddress: 0x000001e002000000, ArchiveRelocationMode: 1.
Compressed class space mapped at: 0x000001e003000000-0x000001e043000000, reserved size: 1073741824
Narrow klass base: 0x000001e002000000, Narrow klass shift: 0, Narrow klass range: 0x100000000

GC Precious Log:
 CardTable entry size: 512
 Card Set container configuration: InlinePtr #cards 5 size 8 Array Of Cards #cards 12 size 40 Howl #buckets 4 coarsen threshold 1843 Howl Bitmap #cards 512 size 80 coarsen threshold 460 Card regions per heap region 1 cards per card region 2048
 CPUs: 4 total, 4 available
 Memory: 4012M
 Large Page Support: Disabled
 NUMA Support: Disabled
 Compressed Oops: Enabled (32-bit)
 Heap Region Size: 1M
 Heap Min Capacity: 8M
 Heap Initial Capacity: 64M
 Heap Max Capacity: 1004M
 Pre-touch: Disabled
 Parallel Workers: 4
 Concurrent Workers: 1
 Concurrent Refinement Workers: 4
 Periodic GC: Disabled

Heap:
 garbage-first heap   total 175104K, used 74842K [0x00000000c1400000, 0x0000000100000000)
  region size 1024K, 1 young (1024K), 1 survivors (1024K)
 Metaspace       used 9010K, committed 9152K, reserved 1114112K
  class space    used 936K, committed 1024K, reserved 1048576K

Heap Regions: E=young(eden), S=young(survivor), O=old, HS=humongous(starts), HC=humongous(continues), CS=collection set, F=free, TAMS=top-at-mark-start, PB=parsable bottom
|   0|0x00000000c1400000, 0x00000000c1500000, 0x00000000c1500000|100%| O|  |TAMS 0x00000000c1500000| PB 0x00000000c1400000| Untracked 
|   1|0x00000000c1500000, 0x00000000c1600000, 0x00000000c1600000|100%|HS|  |TAMS 0x00000000c1600000| PB 0x00000000c1500000| Complete 
|   2|0x00000000c1600000, 0x00000000c1700000, 0x00000000c1700000|100%|HC|  |TAMS 0x00000000c1700000| PB 0x00000000c1600000| Complete 
|   3|0x00000000c1700000, 0x00000000c1800000, 0x00000000c1800000|100%|HC|  |TAMS 0x00000000c1800000| PB 0x00000000c1700000| Complete 
|   4|0x00000000c1800000, 0x00000000c1900000, 0x00000000c1900000|100%|HC|  |TAMS 0x00000000c1900000| PB 0x00000000c1800000| Complete 
|   5|0x00000000c1900000, 0x00000000c1a00000, 0x00000000c1a00000|100%|HC|  |TAMS 0x00000000c1a00000| PB 0x00000000c1900000| Complete 
|   6|0x00000000c1a00000, 0x00000000c1b00000, 0x00000000c1b00000|100%|HC|  |TAMS 0x00000000c1b00000| PB 0x00000000c1a00000| Complete 
|   7|0x00000000c1b00000, 0x00000000c1c00000, 0x00000000c1c00000|100%|HC|  |TAMS 0x00000000c1c00000| PB 0x00000000c1b00000| Complete 
|   8|0x00000000c1c00000, 0x00000000c1d00000, 0x00000000c1d00000|100%|HC|  |TAMS 0x00000000c1d00000| PB 0x00000000c1c00000| Complete 
|   9|0x00000000c1d00000, 0x00000000c1e00000, 0x00000000c1e00000|100%|HC|  |TAMS 0x00000000c1e00000| PB 0x00000000c1d00000| Complete 
|  10|0x00000000c1e00000, 0x00000000c1f00000, 0x00000000c1f00000|100%|HC|  |TAMS 0x00000000c1f00000| PB 0x00000000c1e00000| Complete 
|  11|0x00000000c1f00000, 0x00000000c2000000, 0x00000000c2000000|100%|HC|  |TAMS 0x00000000c2000000| PB 0x00000000c1f00000| Complete 
|  12|0x00000000c2000000, 0x00000000c2100000, 0x00000000c2100000|100%|HC|  |TAMS 0x00000000c2100000| PB 0x00000000c2000000| Complete 
|  13|0x00000000c2100000, 0x00000000c2200000, 0x00000000c2200000|100%|HC|  |TAMS 0x00000000c2200000| PB 0x00000000c2100000| Complete 
|  14|0x00000000c2200000, 0x00000000c2300000, 0x00000000c2300000|100%|HC|  |TAMS 0x00000000c2300000| PB 0x00000000c2200000| Complete 
|  15|0x00000000c2300000, 0x00000000c2400000, 0x00000000c2400000|100%|HC|  |TAMS 0x00000000c2400000| PB 0x00000000c2300000| Complete 
|  16|0x00000000c2400000, 0x00000000c2500000, 0x00000000c2500000|100%|HC|  |TAMS 0x00000000c2500000| PB 0x00000000c2400000| Complete 
|  17|0x00000000c2500000, 0x00000000c2600000, 0x00000000c2600000|100%|HC|  |TAMS 0x00000000c2600000| PB 0x00000000c2500000| Complete 
|  18|0x00000000c2600000, 0x00000000c2700000, 0x00000000c2700000|100%|HC|  |TAMS 0x00000000c2700000| PB 0x00000000c2600000| Complete 
|  19|0x00000000c2700000, 0x00000000c2800000, 0x00000000c2800000|100%|HC|  |TAMS 0x00000000c2800000| PB 0x00000000c2700000| Complete 
|  20|0x00000000c2800000, 0x00000000c2900000, 0x00000000c2900000|100%|HC|  |TAMS 0x00000000c2900000| PB 0x00000000c2800000| Complete 
|  21|0x00000000c2900000, 0x00000000c2a00000, 0x00000000c2a00000|100%|HC|  |TAMS 0x00000000c2a00000| PB 0x00000000c2900000| Complete 
|  22|0x00000000c2a00000, 0x00000000c2b00000, 0x00000000c2b00000|100%|HC|  |TAMS 0x00000000c2b00000| PB 0x00000000c2a00000| Complete 
|  23|0x00000000c2b00000, 0x00000000c2c00000, 0x00000000c2c00000|100%|HC|  |TAMS 0x00000000c2c00000| PB 0x00000000c2b00000| Complete 
|  24|0x00000000c2c00000, 0x00000000c2d00000, 0x00000000c2d00000|100%|HC|  |TAMS 0x00000000c2d00000| PB 0x00000000c2c00000| Complete 
|  25|0x00000000c2d00000, 0x00000000c2e00000, 0x00000000c2e00000|100%|HC|  |TAMS 0x00000000c2e00000| PB 0x00000000c2d00000| Complete 
|  26|0x00000000c2e00000, 0x00000000c2f00000, 0x00000000c2f00000|100%|HC|  |TAMS 0x00000000c2f00000| PB 0x00000000c2e00000| Complete 
|  27|0x00000000c2f00000, 0x00000000c3000000, 0x00000000c3000000|100%|HC|  |TAMS 0x00000000c3000000| PB 0x00000000c2f00000| Complete 
|  28|0x00000000c3000000, 0x00000000c3100000, 0x00000000c3100000|100%|HC|  |TAMS 0x00000000c3100000| PB 0x00000000c3000000| Complete 
|  29|0x00000000c3100000, 0x00000000c3200000, 0x00000000c3200000|100%|HC|  |TAMS 0x00000000c3200000| PB 0x00000000c3100000| Complete 
|  30|0x00000000c3200000, 0x00000000c3300000, 0x00000000c3300000|100%|HC|  |TAMS 0x00000000c3300000| PB 0x00000000c3200000| Complete 
|  31|0x00000000c3300000, 0x00000000c3400000, 0x00000000c3400000|100%|HC|  |TAMS 0x00000000c3400000| PB 0x00000000c3300000| Complete 
|  32|0x00000000c3400000, 0x00000000c3500000, 0x00000000c3500000|100%|HC|  |TAMS 0x00000000c3500000| PB 0x00000000c3400000| Complete 
|  33|0x00000000c3500000, 0x00000000c3600000, 0x00000000c3600000|100%| O|  |TAMS 0x00000000c3600000| PB 0x00000000c3500000| Untracked 
|  34|0x00000000c3600000, 0x00000000c3666af0, 0x00000000c3700000| 40%| O|  |TAMS 0x00000000c36652c0| PB 0x00000000c3600000| Untracked 
|  35|0x00000000c3700000, 0x00000000c3800000, 0x00000000c3800000|100%|HS|  |TAMS 0x00000000c3800000| PB 0x00000000c3700000| Complete 
|  36|0x00000000c3800000, 0x00000000c3900000, 0x00000000c3900000|100%|HC|  |TAMS 0x00000000c3900000| PB 0x00000000c3800000| Complete 
|  37|0x00000000c3900000, 0x00000000c3a00000, 0x00000000c3a00000|100%|HS|  |TAMS 0x00000000c3a00000| PB 0x00000000c3900000| Complete 
|  38|0x00000000c3a00000, 0x00000000c3b00000, 0x00000000c3b00000|100%|HC|  |TAMS 0x00000000c3b00000| PB 0x00000000c3a00000| Complete 
|  39|0x00000000c3b00000, 0x00000000c3c00000, 0x00000000c3c00000|100%|HS|  |TAMS 0x00000000c3c00000| PB 0x00000000c3b00000| Complete 
|  40|0x00000000c3c00000, 0x00000000c3d00000, 0x00000000c3d00000|100%|HC|  |TAMS 0x00000000c3d00000| PB 0x00000000c3c00000| Complete 
|  41|0x00000000c3d00000, 0x00000000c3e00000, 0x00000000c3e00000|100%|HS|  |TAMS 0x00000000c3e00000| PB 0x00000000c3d00000| Complete 
|  42|0x00000000c3e00000, 0x00000000c3f00000, 0x00000000c3f00000|100%|HC|  |TAMS 0x00000000c3f00000| PB 0x00000000c3e00000| Complete 
|  43|0x00000000c3f00000, 0x00000000c4000000, 0x00000000c4000000|100%|HS|  |TAMS 0x00000000c4000000| PB 0x00000000c3f00000| Complete 
|  44|0x00000000c4000000, 0x00000000c4100000, 0x00000000c4100000|100%|HC|  |TAMS 0x00000000c4100000| PB 0x00000000c4000000| Complete 
|  45|0x00000000c4100000, 0x00000000c4200000, 0x00000000c4200000|100%|HS|  |TAMS 0x00000000c4200000| PB 0x00000000c4100000| Complete 
|  46|0x00000000c4200000, 0x00000000c4300000, 0x00000000c4300000|100%|HC|  |TAMS 0x00000000c4300000| PB 0x00000000c4200000| Complete 
|  47|0x00000000c4300000, 0x00000000c4400000, 0x00000000c4400000|100%|HC|  |TAMS 0x00000000c4400000| PB 0x00000000c4300000| Complete 
|  48|0x00000000c4400000, 0x00000000c4400000, 0x00000000c4500000|  0%| F|  |TAMS 0x00000000c4400000| PB 0x00000000c4400000| Untracked 
|  49|0x00000000c4500000, 0x00000000c4600000, 0x00000000c4600000|100%|HS|  |TAMS 0x00000000c4600000| PB 0x00000000c4500000| Complete 
|  50|0x00000000c4600000, 0x00000000c4700000, 0x00000000c4700000|100%|HC|  |TAMS 0x00000000c4700000| PB 0x00000000c4600000| Complete 
|  51|0x00000000c4700000, 0x00000000c4800000, 0x00000000c4800000|100%|HS|  |TAMS 0x00000000c4800000| PB 0x00000000c4700000| Complete 
|  52|0x00000000c4800000, 0x00000000c4900000, 0x00000000c4900000|100%|HC|  |TAMS 0x00000000c4900000| PB 0x00000000c4800000| Complete 
|  53|0x00000000c4900000, 0x00000000c4a00000, 0x00000000c4a00000|100%|HC|  |TAMS 0x00000000c4a00000| PB 0x00000000c4900000| Complete 
|  54|0x00000000c4a00000, 0x00000000c4b00000, 0x00000000c4b00000|100%|HS|  |TAMS 0x00000000c4b00000| PB 0x00000000c4a00000| Complete 
|  55|0x00000000c4b00000, 0x00000000c4c00000, 0x00000000c4c00000|100%|HC|  |TAMS 0x00000000c4c00000| PB 0x00000000c4b00000| Complete 
|  56|0x00000000c4c00000, 0x00000000c4d00000, 0x00000000c4d00000|100%|HC|  |TAMS 0x00000000c4d00000| PB 0x00000000c4c00000| Complete 
|  57|0x00000000c4d00000, 0x00000000c4e00000, 0x00000000c4e00000|100%|HS|  |TAMS 0x00000000c4e00000| PB 0x00000000c4d00000| Complete 
|  58|0x00000000c4e00000, 0x00000000c4f00000, 0x00000000c4f00000|100%|HC|  |TAMS 0x00000000c4f00000| PB 0x00000000c4e00000| Complete 
|  59|0x00000000c4f00000, 0x00000000c5000000, 0x00000000c5000000|100%|HC|  |TAMS 0x00000000c5000000| PB 0x00000000c4f00000| Complete 
|  60|0x00000000c5000000, 0x00000000c5100000, 0x00000000c5100000|100%|HS|  |TAMS 0x00000000c5100000| PB 0x00000000c5000000| Complete 
|  61|0x00000000c5100000, 0x00000000c5200000, 0x00000000c5200000|100%|HC|  |TAMS 0x00000000c5200000| PB 0x00000000c5100000| Complete 
|  62|0x00000000c5200000, 0x00000000c5300000, 0x00000000c5300000|100%|HC|  |TAMS 0x00000000c5300000| PB 0x00000000c5200000| Complete 
|  63|0x00000000c5300000, 0x00000000c5400000, 0x00000000c5400000|100%|HS|  |TAMS 0x00000000c5400000| PB 0x00000000c5300000| Complete 
|  64|0x00000000c5400000, 0x00000000c5500000, 0x00000000c5500000|100%|HC|  |TAMS 0x00000000c5500000| PB 0x00000000c5400000| Complete 
|  65|0x00000000c5500000, 0x00000000c5600000, 0x00000000c5600000|100%|HC|  |TAMS 0x00000000c5600000| PB 0x00000000c5500000| Complete 
|  66|0x00000000c5600000, 0x00000000c5700000, 0x00000000c5700000|100%|HS|  |TAMS 0x00000000c5700000| PB 0x00000000c5600000| Complete 
|  67|0x00000000c5700000, 0x00000000c5800000, 0x00000000c5800000|100%|HC|  |TAMS 0x00000000c5800000| PB 0x00000000c5700000| Complete 
|  68|0x00000000c5800000, 0x00000000c5900000, 0x00000000c5900000|100%|HC|  |TAMS 0x00000000c5900000| PB 0x00000000c5800000| Complete 
|  69|0x00000000c5900000, 0x00000000c5900000, 0x00000000c5a00000|  0%| F|  |TAMS 0x00000000c5900000| PB 0x00000000c5900000| Untracked 
|  70|0x00000000c5a00000, 0x00000000c5a00000, 0x00000000c5b00000|  0%| F|  |TAMS 0x00000000c5a00000| PB 0x00000000c5a00000| Untracked 
|  71|0x00000000c5b00000, 0x00000000c5c00000, 0x00000000c5c00000|100%|HS|  |TAMS 0x00000000c5c00000| PB 0x00000000c5b00000| Complete 
|  72|0x00000000c5c00000, 0x00000000c5d00000, 0x00000000c5d00000|100%|HC|  |TAMS 0x00000000c5d00000| PB 0x00000000c5c00000| Complete 
|  73|0x00000000c5d00000, 0x00000000c5d00000, 0x00000000c5e00000|  0%| F|  |TAMS 0x00000000c5d00000| PB 0x00000000c5d00000| Untracked 
|  74|0x00000000c5e00000, 0x00000000c5e00000, 0x00000000c5f00000|  0%| F|  |TAMS 0x00000000c5e00000| PB 0x00000000c5e00000| Untracked 
|  75|0x00000000c5f00000, 0x00000000c5f00000, 0x00000000c6000000|  0%| F|  |TAMS 0x00000000c5f00000| PB 0x00000000c5f00000| Untracked 
|  76|0x00000000c6000000, 0x00000000c6000000, 0x00000000c6100000|  0%| F|  |TAMS 0x00000000c6000000| PB 0x00000000c6000000| Untracked 
|  77|0x00000000c6100000, 0x00000000c6200000, 0x00000000c6200000|100%|HS|  |TAMS 0x00000000c6200000| PB 0x00000000c6100000| Complete 
|  78|0x00000000c6200000, 0x00000000c6300000, 0x00000000c6300000|100%|HC|  |TAMS 0x00000000c6300000| PB 0x00000000c6200000| Complete 
|  79|0x00000000c6300000, 0x00000000c6400000, 0x00000000c6400000|100%|HC|  |TAMS 0x00000000c6400000| PB 0x00000000c6300000| Complete 
|  80|0x00000000c6400000, 0x00000000c6400000, 0x00000000c6500000|  0%| F|  |TAMS 0x00000000c6400000| PB 0x00000000c6400000| Untracked 
|  81|0x00000000c6500000, 0x00000000c6500000, 0x00000000c6600000|  0%| F|  |TAMS 0x00000000c6500000| PB 0x00000000c6500000| Untracked 
|  82|0x00000000c6600000, 0x00000000c6600000, 0x00000000c6700000|  0%| F|  |TAMS 0x00000000c6600000| PB 0x00000000c6600000| Untracked 
|  83|0x00000000c6700000, 0x00000000c6700000, 0x00000000c6800000|  0%| F|  |TAMS 0x00000000c6700000| PB 0x00000000c6700000| Untracked 
|  84|0x00000000c6800000, 0x00000000c6800000, 0x00000000c6900000|  0%| F|  |TAMS 0x00000000c6800000| PB 0x00000000c6800000| Untracked 
|  85|0x00000000c6900000, 0x00000000c6900000, 0x00000000c6a00000|  0%| F|  |TAMS 0x00000000c6900000| PB 0x00000000c6900000| Untracked 
|  86|0x00000000c6a00000, 0x00000000c6a00000, 0x00000000c6b00000|  0%| F|  |TAMS 0x00000000c6a00000| PB 0x00000000c6a00000| Untracked 
|  87|0x00000000c6b00000, 0x00000000c6b00000, 0x00000000c6c00000|  0%| F|  |TAMS 0x00000000c6b00000| PB 0x00000000c6b00000| Untracked 
|  88|0x00000000c6c00000, 0x00000000c6c00000, 0x00000000c6d00000|  0%| F|  |TAMS 0x00000000c6c00000| PB 0x00000000c6c00000| Untracked 
|  89|0x00000000c6d00000, 0x00000000c6d00000, 0x00000000c6e00000|  0%| F|  |TAMS 0x00000000c6d00000| PB 0x00000000c6d00000| Untracked 
|  90|0x00000000c6e00000, 0x00000000c6e00000, 0x00000000c6f00000|  0%| F|  |TAMS 0x00000000c6e00000| PB 0x00000000c6e00000| Untracked 
|  91|0x00000000c6f00000, 0x00000000c6f00000, 0x00000000c7000000|  0%| F|  |TAMS 0x00000000c6f00000| PB 0x00000000c6f00000| Untracked 
|  92|0x00000000c7000000, 0x00000000c7000000, 0x00000000c7100000|  0%| F|  |TAMS 0x00000000c7000000| PB 0x00000000c7000000| Untracked 
|  93|0x00000000c7100000, 0x00000000c7100000, 0x00000000c7200000|  0%| F|  |TAMS 0x00000000c7100000| PB 0x00000000c7100000| Untracked 
|  94|0x00000000c7200000, 0x00000000c7200000, 0x00000000c7300000|  0%| F|  |TAMS 0x00000000c7200000| PB 0x00000000c7200000| Untracked 
|  95|0x00000000c7300000, 0x00000000c7300000, 0x00000000c7400000|  0%| F|  |TAMS 0x00000000c7300000| PB 0x00000000c7300000| Untracked 
|  96|0x00000000c7400000, 0x00000000c7400000, 0x00000000c7500000|  0%| F|  |TAMS 0x00000000c7400000| PB 0x00000000c7400000| Untracked 
|  97|0x00000000c7500000, 0x00000000c7500000, 0x00000000c7600000|  0%| F|  |TAMS 0x00000000c7500000| PB 0x00000000c7500000| Untracked 
|  98|0x00000000c7600000, 0x00000000c7600000, 0x00000000c7700000|  0%| F|  |TAMS 0x00000000c7600000| PB 0x00000000c7600000| Untracked 
|  99|0x00000000c7700000, 0x00000000c7700000, 0x00000000c7800000|  0%| F|  |TAMS 0x00000000c7700000| PB 0x00000000c7700000| Untracked 
| 100|0x00000000c7800000, 0x00000000c7800000, 0x00000000c7900000|  0%| F|  |TAMS 0x00000000c7800000| PB 0x00000000c7800000| Untracked 
| 101|0x00000000c7900000, 0x00000000c7900000, 0x00000000c7a00000|  0%| F|  |TAMS 0x00000000c7900000| PB 0x00000000c7900000| Untracked 
| 102|0x00000000c7a00000, 0x00000000c7a00000, 0x00000000c7b00000|  0%| F|  |TAMS 0x00000000c7a00000| PB 0x00000000c7a00000| Untracked 
| 103|0x00000000c7b00000, 0x00000000c7b00000, 0x00000000c7c00000|  0%| F|  |TAMS 0x00000000c7b00000| PB 0x00000000c7b00000| Untracked 
| 104|0x00000000c7c00000, 0x00000000c7c00000, 0x00000000c7d00000|  0%| F|  |TAMS 0x00000000c7c00000| PB 0x00000000c7c00000| Untracked 
| 105|0x00000000c7d00000, 0x00000000c7d00000, 0x00000000c7e00000|  0%| F|  |TAMS 0x00000000c7d00000| PB 0x00000000c7d00000| Untracked 
| 106|0x00000000c7e00000, 0x00000000c7e00000, 0x00000000c7f00000|  0%| F|  |TAMS 0x00000000c7e00000| PB 0x00000000c7e00000| Untracked 
| 107|0x00000000c7f00000, 0x00000000c7f00000, 0x00000000c8000000|  0%| F|  |TAMS 0x00000000c7f00000| PB 0x00000000c7f00000| Untracked 
| 108|0x00000000c8000000, 0x00000000c8000000, 0x00000000c8100000|  0%| F|  |TAMS 0x00000000c8000000| PB 0x00000000c8000000| Untracked 
| 109|0x00000000c8100000, 0x00000000c8100000, 0x00000000c8200000|  0%| F|  |TAMS 0x00000000c8100000| PB 0x00000000c8100000| Untracked 
| 110|0x00000000c8200000, 0x00000000c8200000, 0x00000000c8300000|  0%| F|  |TAMS 0x00000000c8200000| PB 0x00000000c8200000| Untracked 
| 111|0x00000000c8300000, 0x00000000c8300000, 0x00000000c8400000|  0%| F|  |TAMS 0x00000000c8300000| PB 0x00000000c8300000| Untracked 
| 112|0x00000000c8400000, 0x00000000c8400000, 0x00000000c8500000|  0%| F|  |TAMS 0x00000000c8400000| PB 0x00000000c8400000| Untracked 
| 113|0x00000000c8500000, 0x00000000c8500000, 0x00000000c8600000|  0%| F|  |TAMS 0x00000000c8500000| PB 0x00000000c8500000| Untracked 
| 114|0x00000000c8600000, 0x00000000c8600000, 0x00000000c8700000|  0%| F|  |TAMS 0x00000000c8600000| PB 0x00000000c8600000| Untracked 
| 115|0x00000000c8700000, 0x00000000c8700000, 0x00000000c8800000|  0%| F|  |TAMS 0x00000000c8700000| PB 0x00000000c8700000| Untracked 
| 116|0x00000000c8800000, 0x00000000c8800000, 0x00000000c8900000|  0%| F|  |TAMS 0x00000000c8800000| PB 0x00000000c8800000| Untracked 
| 117|0x00000000c8900000, 0x00000000c8900000, 0x00000000c8a00000|  0%| F|  |TAMS 0x00000000c8900000| PB 0x00000000c8900000| Untracked 
| 118|0x00000000c8a00000, 0x00000000c8a00000, 0x00000000c8b00000|  0%| F|  |TAMS 0x00000000c8a00000| PB 0x00000000c8a00000| Untracked 
| 119|0x00000000c8b00000, 0x00000000c8b00000, 0x00000000c8c00000|  0%| F|  |TAMS 0x00000000c8b00000| PB 0x00000000c8b00000| Untracked 
| 120|0x00000000c8c00000, 0x00000000c8c00000, 0x00000000c8d00000|  0%| F|  |TAMS 0x00000000c8c00000| PB 0x00000000c8c00000| Untracked 
| 121|0x00000000c8d00000, 0x00000000c8d00000, 0x00000000c8e00000|  0%| F|  |TAMS 0x00000000c8d00000| PB 0x00000000c8d00000| Untracked 
| 122|0x00000000c8e00000, 0x00000000c8e00000, 0x00000000c8f00000|  0%| F|  |TAMS 0x00000000c8e00000| PB 0x00000000c8e00000| Untracked 
| 123|0x00000000c8f00000, 0x00000000c8f00000, 0x00000000c9000000|  0%| F|  |TAMS 0x00000000c8f00000| PB 0x00000000c8f00000| Untracked 
| 124|0x00000000c9000000, 0x00000000c9000000, 0x00000000c9100000|  0%| F|  |TAMS 0x00000000c9000000| PB 0x00000000c9000000| Untracked 
| 125|0x00000000c9100000, 0x00000000c9100000, 0x00000000c9200000|  0%| F|  |TAMS 0x00000000c9100000| PB 0x00000000c9100000| Untracked 
| 126|0x00000000c9200000, 0x00000000c9200000, 0x00000000c9300000|  0%| F|  |TAMS 0x00000000c9200000| PB 0x00000000c9200000| Untracked 
| 127|0x00000000c9300000, 0x00000000c9300000, 0x00000000c9400000|  0%| F|  |TAMS 0x00000000c9300000| PB 0x00000000c9300000| Untracked 
| 128|0x00000000c9400000, 0x00000000c9400000, 0x00000000c9500000|  0%| F|  |TAMS 0x00000000c9400000| PB 0x00000000c9400000| Untracked 
| 129|0x00000000c9500000, 0x00000000c9500000, 0x00000000c9600000|  0%| F|  |TAMS 0x00000000c9500000| PB 0x00000000c9500000| Untracked 
| 130|0x00000000c9600000, 0x00000000c9600000, 0x00000000c9700000|  0%| F|  |TAMS 0x00000000c9600000| PB 0x00000000c9600000| Untracked 
| 131|0x00000000c9700000, 0x00000000c9700000, 0x00000000c9800000|  0%| F|  |TAMS 0x00000000c9700000| PB 0x00000000c9700000| Untracked 
| 132|0x00000000c9800000, 0x00000000c9800000, 0x00000000c9900000|  0%| F|  |TAMS 0x00000000c9800000| PB 0x00000000c9800000| Untracked 
| 133|0x00000000c9900000, 0x00000000c9900000, 0x00000000c9a00000|  0%| F|  |TAMS 0x00000000c9900000| PB 0x00000000c9900000| Untracked 
| 134|0x00000000c9a00000, 0x00000000c9a00000, 0x00000000c9b00000|  0%| F|  |TAMS 0x00000000c9a00000| PB 0x00000000c9a00000| Untracked 
| 135|0x00000000c9b00000, 0x00000000c9b00000, 0x00000000c9c00000|  0%| F|  |TAMS 0x00000000c9b00000| PB 0x00000000c9b00000| Untracked 
| 136|0x00000000c9c00000, 0x00000000c9c00000, 0x00000000c9d00000|  0%| F|  |TAMS 0x00000000c9c00000| PB 0x00000000c9c00000| Untracked 
| 137|0x00000000c9d00000, 0x00000000c9d00000, 0x00000000c9e00000|  0%| F|  |TAMS 0x00000000c9d00000| PB 0x00000000c9d00000| Untracked 
| 138|0x00000000c9e00000, 0x00000000c9e00000, 0x00000000c9f00000|  0%| F|  |TAMS 0x00000000c9e00000| PB 0x00000000c9e00000| Untracked 
| 139|0x00000000c9f00000, 0x00000000c9f00000, 0x00000000ca000000|  0%| F|  |TAMS 0x00000000c9f00000| PB 0x00000000c9f00000| Untracked 
| 140|0x00000000ca000000, 0x00000000ca000000, 0x00000000ca100000|  0%| F|  |TAMS 0x00000000ca000000| PB 0x00000000ca000000| Untracked 
| 141|0x00000000ca100000, 0x00000000ca100000, 0x00000000ca200000|  0%| F|  |TAMS 0x00000000ca100000| PB 0x00000000ca100000| Untracked 
| 142|0x00000000ca200000, 0x00000000ca200000, 0x00000000ca300000|  0%| F|  |TAMS 0x00000000ca200000| PB 0x00000000ca200000| Untracked 
| 143|0x00000000ca300000, 0x00000000ca300000, 0x00000000ca400000|  0%| F|  |TAMS 0x00000000ca300000| PB 0x00000000ca300000| Untracked 
| 144|0x00000000ca400000, 0x00000000ca400000, 0x00000000ca500000|  0%| F|  |TAMS 0x00000000ca400000| PB 0x00000000ca400000| Untracked 
| 145|0x00000000ca500000, 0x00000000ca500000, 0x00000000ca600000|  0%| F|  |TAMS 0x00000000ca500000| PB 0x00000000ca500000| Untracked 
| 146|0x00000000ca600000, 0x00000000ca600000, 0x00000000ca700000|  0%| F|  |TAMS 0x00000000ca600000| PB 0x00000000ca600000| Untracked 
| 147|0x00000000ca700000, 0x00000000ca700000, 0x00000000ca800000|  0%| F|  |TAMS 0x00000000ca700000| PB 0x00000000ca700000| Untracked 
| 148|0x00000000ca800000, 0x00000000ca800000, 0x00000000ca900000|  0%| F|  |TAMS 0x00000000ca800000| PB 0x00000000ca800000| Untracked 
| 149|0x00000000ca900000, 0x00000000ca900000, 0x00000000caa00000|  0%| F|  |TAMS 0x00000000ca900000| PB 0x00000000ca900000| Untracked 
| 150|0x00000000caa00000, 0x00000000caa00000, 0x00000000cab00000|  0%| F|  |TAMS 0x00000000caa00000| PB 0x00000000caa00000| Untracked 
| 151|0x00000000cab00000, 0x00000000cab00000, 0x00000000cac00000|  0%| F|  |TAMS 0x00000000cab00000| PB 0x00000000cab00000| Untracked 
| 152|0x00000000cac00000, 0x00000000cac00000, 0x00000000cad00000|  0%| F|  |TAMS 0x00000000cac00000| PB 0x00000000cac00000| Untracked 
| 153|0x00000000cad00000, 0x00000000cad00000, 0x00000000cae00000|  0%| F|  |TAMS 0x00000000cad00000| PB 0x00000000cad00000| Untracked 
| 154|0x00000000cae00000, 0x00000000cae00000, 0x00000000caf00000|  0%| F|  |TAMS 0x00000000cae00000| PB 0x00000000cae00000| Untracked 
| 155|0x00000000caf00000, 0x00000000caf00000, 0x00000000cb000000|  0%| F|  |TAMS 0x00000000caf00000| PB 0x00000000caf00000| Untracked 
| 156|0x00000000cb000000, 0x00000000cb000000, 0x00000000cb100000|  0%| F|  |TAMS 0x00000000cb000000| PB 0x00000000cb000000| Untracked 
| 157|0x00000000cb100000, 0x00000000cb100000, 0x00000000cb200000|  0%| F|  |TAMS 0x00000000cb100000| PB 0x00000000cb100000| Untracked 
| 158|0x00000000cb200000, 0x00000000cb200000, 0x00000000cb300000|  0%| F|  |TAMS 0x00000000cb200000| PB 0x00000000cb200000| Untracked 
| 159|0x00000000cb300000, 0x00000000cb300000, 0x00000000cb400000|  0%| F|  |TAMS 0x00000000cb300000| PB 0x00000000cb300000| Untracked 
| 160|0x00000000cb400000, 0x00000000cb400000, 0x00000000cb500000|  0%| F|  |TAMS 0x00000000cb400000| PB 0x00000000cb400000| Untracked 
| 161|0x00000000cb500000, 0x00000000cb500000, 0x00000000cb600000|  0%| F|  |TAMS 0x00000000cb500000| PB 0x00000000cb500000| Untracked 
| 162|0x00000000cb600000, 0x00000000cb600000, 0x00000000cb700000|  0%| F|  |TAMS 0x00000000cb600000| PB 0x00000000cb600000| Untracked 
| 163|0x00000000cb700000, 0x00000000cb700000, 0x00000000cb800000|  0%| F|  |TAMS 0x00000000cb700000| PB 0x00000000cb700000| Untracked 
| 164|0x00000000cb800000, 0x00000000cb800000, 0x00000000cb900000|  0%| F|  |TAMS 0x00000000cb800000| PB 0x00000000cb800000| Untracked 
| 165|0x00000000cb900000, 0x00000000cb900000, 0x00000000cba00000|  0%| F|  |TAMS 0x00000000cb900000| PB 0x00000000cb900000| Untracked 
| 166|0x00000000cba00000, 0x00000000cbaafe28, 0x00000000cbb00000| 68%| S|CS|TAMS 0x00000000cba00000| PB 0x00000000cba00000| Complete 
| 167|0x00000000cbb00000, 0x00000000cbb00000, 0x00000000cbc00000|  0%| F|  |TAMS 0x00000000cbb00000| PB 0x00000000cbb00000| Untracked 
| 168|0x00000000cbc00000, 0x00000000cbc00000, 0x00000000cbd00000|  0%| F|  |TAMS 0x00000000cbc00000| PB 0x00000000cbc00000| Untracked 
| 169|0x00000000cbd00000, 0x00000000cbd00000, 0x00000000cbe00000|  0%| F|  |TAMS 0x00000000cbd00000| PB 0x00000000cbd00000| Untracked 
| 170|0x00000000cbe00000, 0x00000000cbe00000, 0x00000000cbf00000|  0%| F|  |TAMS 0x00000000cbe00000| PB 0x00000000cbe00000| Untracked 

Card table byte_map: [0x000001e07d090000,0x000001e07d290000] _byte_map_base: 0x000001e07ca86000

Marking Bits: (CMBitMap*) 0x000001e065a4f030
 Bits: [0x000001e07d290000, 0x000001e07e240000)

Polling page: 0x000001e063a00000

Metaspace:

Usage:
  Non-class:      7.88 MB used.
      Class:    936.98 KB used.
       Both:      8.80 MB used.

Virtual space:
  Non-class space:       64.00 MB reserved,       7.94 MB ( 12%) committed,  1 nodes.
      Class space:        1.00 GB reserved,       1.00 MB ( <1%) committed,  1 nodes.
             Both:        1.06 GB reserved,       8.94 MB ( <1%) committed. 

Chunk freelists:
   Non-Class:  8.00 MB
       Class:  15.04 MB
        Both:  23.04 MB

MaxMetaspaceSize: unlimited
CompressedClassSpaceSize: 1.00 GB
Initial GC threshold: 21.00 MB
Current GC threshold: 21.00 MB
CDS: on
 - commit_granule_bytes: 65536.
 - commit_granule_words: 8192.
 - virtual_space_node_default_size: 8388608.
 - enlarge_chunks_in_place: 1.
 - use_allocation_guard: 0.


Internal statistics:

num_allocs_failed_limit: 0.
num_arena_births: 152.
num_arena_deaths: 0.
num_vsnodes_births: 2.
num_vsnodes_deaths: 0.
num_space_committed: 143.
num_space_uncommitted: 0.
num_chunks_returned_to_freelist: 0.
num_chunks_taken_from_freelist: 196.
num_chunk_merges: 0.
num_chunk_splits: 113.
num_chunks_enlarged: 44.
num_inconsistent_stats: 0.

CodeHeap 'non-profiled nmethods': size=120000Kb used=504Kb max_used=504Kb free=119496Kb
 bounds [0x000001e075960000, 0x000001e075bd0000, 0x000001e07ce90000]
CodeHeap 'profiled nmethods': size=120000Kb used=3196Kb max_used=3196Kb free=116803Kb
 bounds [0x000001e06de90000, 0x000001e06e1b0000, 0x000001e0753c0000]
CodeHeap 'non-nmethods': size=5760Kb used=1563Kb max_used=1579Kb free=4196Kb
 bounds [0x000001e0753c0000, 0x000001e075630000, 0x000001e075960000]
 total_blobs=2389 nmethods=1760 adapters=533
 compilation: enabled
              stopped_count=0, restarted_count=0
 full_count=0

Compilation events (20 events):
Event: 9.679 Thread 0x000001e07e6c8520 nmethod 1828 0x000001e06e1a4590 code [0x000001e06e1a4860, 0x000001e06e1a5948]
Event: 9.679 Thread 0x000001e07e6c8520 1829   !   3       java.awt.Container::paint (62 bytes)
Event: 9.682 Thread 0x000001e07e6c8520 nmethod 1829 0x000001e06e1a5f10 code [0x000001e06e1a6160, 0x000001e06e1a6d20]
Event: 9.682 Thread 0x000001e07e6c8520 1830       3       java.awt.GraphicsCallback$PaintCallback::getInstance (4 bytes)
Event: 9.682 Thread 0x000001e07e6c8520 nmethod 1830 0x000001e06e1a7090 code [0x000001e06e1a7220, 0x000001e06e1a7318]
Event: 9.691 Thread 0x000001e07e6c8520 1831       3       sun.swing.SwingUtilities2::getFontCharsWidth (45 bytes)
Event: 9.691 Thread 0x000001e07e6c8520 nmethod 1831 0x000001e06e1a7390 code [0x000001e06e1a7580, 0x000001e06e1a79e8]
Event: 9.694 Thread 0x000001e07e6c8520 1832       3       javax.swing.JRootPane$RootLayout::layoutContainer (207 bytes)
Event: 9.696 Thread 0x000001e07e6c8520 nmethod 1832 0x000001e06e1a7b90 code [0x000001e06e1a7e00, 0x000001e06e1a8928]
Event: 9.696 Thread 0x000001e07e6c8520 1833   !   3       java.awt.FlowLayout::layoutContainer (382 bytes)
Event: 9.700 Thread 0x000001e07e6c8520 nmethod 1833 0x000001e06e1a8d90 code [0x000001e06e1a90a0, 0x000001e06e1aa830]
Event: 9.700 Thread 0x000001e07e6c8520 1834       3       java.awt.FlowLayout::moveComponents (342 bytes)
Event: 9.703 Thread 0x000001e07e6c8520 nmethod 1834 0x000001e06e1ab590 code [0x000001e06e1ab8a0, 0x000001e06e1acf20]
Event: 9.711 Thread 0x000001e07e6c8520 1835       3       javax.swing.JLayeredPane::paint (77 bytes)
Event: 9.714 Thread 0x000001e07e6c8520 nmethod 1835 0x000001e06e1ad890 code [0x000001e06e1adb00, 0x000001e06e1ae5b0]
Event: 9.715 Thread 0x000001e07e6c8520 1836       3       sun.font.CompositeFont::getMapper (24 bytes)
Event: 9.716 Thread 0x000001e07e6c8520 nmethod 1836 0x000001e06e1ae910 code [0x000001e06e1aeac0, 0x000001e06e1aed00]
Event: 9.716 Thread 0x000001e07e6c8520 1837       3       javax.swing.plaf.metal.MetalTheme::getWhite (4 bytes)
Event: 9.716 Thread 0x000001e07e6c8520 nmethod 1837 0x000001e06e1aee10 code [0x000001e06e1aefa0, 0x000001e06e1af0b8]
Event: 9.724 Thread 0x000001e07e6c8520 1838       3       java.util.AbstractSequentialList::iterator (5 bytes)

GC Heap History (20 events):
Event: 5.104 GC heap after
{Heap after GC invocations=11 (full 0):
 garbage-first heap   total 89088K, used 39635K [0x00000000c1400000, 0x0000000100000000)
  region size 1024K, 1 young (1024K), 1 survivors (1024K)
 Metaspace       used 7261K, committed 7488K, reserved 1114112K
  class space    used 760K, committed 896K, reserved 1048576K
}
Event: 5.119 GC heap before
{Heap before GC invocations=11 (full 0):
 garbage-first heap   total 89088K, used 41683K [0x00000000c1400000, 0x0000000100000000)
  region size 1024K, 3 young (3072K), 1 survivors (1024K)
 Metaspace       used 7261K, committed 7488K, reserved 1114112K
  class space    used 760K, committed 896K, reserved 1048576K
}
Event: 5.120 GC heap after
{Heap after GC invocations=12 (full 0):
 garbage-first heap   total 89088K, used 39632K [0x00000000c1400000, 0x0000000100000000)
  region size 1024K, 1 young (1024K), 1 survivors (1024K)
 Metaspace       used 7261K, committed 7488K, reserved 1114112K
  class space    used 760K, committed 896K, reserved 1048576K
}
Event: 5.137 GC heap before
{Heap before GC invocations=12 (full 0):
 garbage-first heap   total 89088K, used 41680K [0x00000000c1400000, 0x0000000100000000)
  region size 1024K, 3 young (3072K), 1 survivors (1024K)
 Metaspace       used 7266K, committed 7488K, reserved 1114112K
  class space    used 760K, committed 896K, reserved 1048576K
}
Event: 5.139 GC heap after
{Heap after GC invocations=13 (full 0):
 garbage-first heap   total 89088K, used 39630K [0x00000000c1400000, 0x0000000100000000)
  region size 1024K, 1 young (1024K), 1 survivors (1024K)
 Metaspace       used 7266K, committed 7488K, reserved 1114112K
  class space    used 760K, committed 896K, reserved 1048576K
}
Event: 5.164 GC heap before
{Heap before GC invocations=13 (full 0):
 garbage-first heap   total 89088K, used 41678K [0x00000000c1400000, 0x0000000100000000)
  region size 1024K, 3 young (3072K), 1 survivors (1024K)
 Metaspace       used 7274K, committed 7488K, reserved 1114112K
  class space    used 760K, committed 896K, reserved 1048576K
}
Event: 5.190 GC heap after
{Heap after GC invocations=14 (full 0):
 garbage-first heap   total 175104K, used 39660K [0x00000000c1400000, 0x0000000100000000)
  region size 1024K, 1 young (1024K), 1 survivors (1024K)
 Metaspace       used 7274K, committed 7488K, reserved 1114112K
  class space    used 760K, committed 896K, reserved 1048576K
}
Event: 5.740 GC heap before
{Heap before GC invocations=14 (full 0):
 garbage-first heap   total 175104K, used 78572K [0x00000000c1400000, 0x0000000100000000)
  region size 1024K, 3 young (3072K), 1 survivors (1024K)
 Metaspace       used 7316K, committed 7552K, reserved 1114112K
  class space    used 760K, committed 896K, reserved 1048576K
}
Event: 5.742 GC heap after
{Heap after GC invocations=15 (full 0):
 garbage-first heap   total 175104K, used 76525K [0x00000000c1400000, 0x0000000100000000)
  region size 1024K, 1 young (1024K), 1 survivors (1024K)
 Metaspace       used 7316K, committed 7552K, reserved 1114112K
  class space    used 760K, committed 896K, reserved 1048576K
}
Event: 5.758 GC heap before
{Heap before GC invocations=15 (full 0):
 garbage-first heap   total 175104K, used 80621K [0x00000000c1400000, 0x0000000100000000)
  region size 1024K, 4 young (4096K), 1 survivors (1024K)
 Metaspace       used 7322K, committed 7552K, reserved 1114112K
  class space    used 760K, committed 896K, reserved 1048576K
}
Event: 5.760 GC heap after
{Heap after GC invocations=16 (full 0):
 garbage-first heap   total 175104K, used 41677K [0x00000000c1400000, 0x0000000100000000)
  region size 1024K, 1 young (1024K), 1 survivors (1024K)
 Metaspace       used 7322K, committed 7552K, reserved 1114112K
  class space    used 760K, committed 896K, reserved 1048576K
}
Event: 6.087 GC heap before
{Heap before GC invocations=16 (full 0):
 garbage-first heap   total 175104K, used 80589K [0x00000000c1400000, 0x0000000100000000)
  region size 1024K, 4 young (4096K), 1 survivors (1024K)
 Metaspace       used 7391K, committed 7616K, reserved 1114112K
  class space    used 760K, committed 896K, reserved 1048576K
}
Event: 6.089 GC heap after
{Heap after GC invocations=17 (full 0):
 garbage-first heap   total 175104K, used 76510K [0x00000000c1400000, 0x0000000100000000)
  region size 1024K, 1 young (1024K), 1 survivors (1024K)
 Metaspace       used 7391K, committed 7616K, reserved 1114112K
  class space    used 760K, committed 896K, reserved 1048576K
}
Event: 6.105 GC heap before
{Heap before GC invocations=17 (full 0):
 garbage-first heap   total 175104K, used 79582K [0x00000000c1400000, 0x0000000100000000)
  region size 1024K, 3 young (3072K), 1 survivors (1024K)
 Metaspace       used 7395K, committed 7616K, reserved 1114112K
  class space    used 760K, committed 896K, reserved 1048576K
}
Event: 6.107 GC heap after
{Heap after GC invocations=18 (full 0):
 garbage-first heap   total 175104K, used 41682K [0x00000000c1400000, 0x0000000100000000)
  region size 1024K, 1 young (1024K), 1 survivors (1024K)
 Metaspace       used 7395K, committed 7616K, reserved 1114112K
  class space    used 760K, committed 896K, reserved 1048576K
}
Event: 9.472 GC heap before
{Heap before GC invocations=18 (full 0):
 garbage-first heap   total 175104K, used 84690K [0x00000000c1400000, 0x0000000100000000)
  region size 1024K, 8 young (8192K), 1 survivors (1024K)
 Metaspace       used 8973K, committed 9152K, reserved 1114112K
  class space    used 936K, committed 1024K, reserved 1048576K
}
Event: 9.475 GC heap after
{Heap after GC invocations=19 (full 0):
 garbage-first heap   total 175104K, used 76885K [0x00000000c1400000, 0x0000000100000000)
  region size 1024K, 1 young (1024K), 1 survivors (1024K)
 Metaspace       used 8973K, committed 9152K, reserved 1114112K
  class space    used 936K, committed 1024K, reserved 1048576K
}
Event: 9.489 GC heap before
{Heap before GC invocations=19 (full 0):
 garbage-first heap   total 175104K, used 79957K [0x00000000c1400000, 0x0000000100000000)
  region size 1024K, 3 young (3072K), 1 survivors (1024K)
 Metaspace       used 8974K, committed 9152K, reserved 1114112K
  class space    used 936K, committed 1024K, reserved 1048576K
}
Event: 9.491 GC heap after
{Heap after GC invocations=20 (full 0):
 garbage-first heap   total 175104K, used 44108K [0x00000000c1400000, 0x0000000100000000)
  region size 1024K, 1 young (1024K), 1 survivors (1024K)
 Metaspace       used 8974K, committed 9152K, reserved 1114112K
  class space    used 936K, committed 1024K, reserved 1048576K
}
Event: 9.725 GC heap before
{Heap before GC invocations=20 (full 0):
 garbage-first heap   total 175104K, used 78924K [0x00000000c1400000, 0x0000000100000000)
  region size 1024K, 4 young (4096K), 1 survivors (1024K)
 Metaspace       used 9010K, committed 9152K, reserved 1114112K
  class space    used 936K, committed 1024K, reserved 1048576K
}

Dll operation events (10 events):
Event: 0.011 Loaded shared library C:\Program Files\Java\jdk-21\bin\java.dll
Event: 0.169 Loaded shared library C:\Program Files\Java\jdk-21\bin\jsvml.dll
Event: 0.217 Loaded shared library C:\Program Files\Java\jdk-21\bin\net.dll
Event: 0.225 Loaded shared library C:\Program Files\Java\jdk-21\bin\nio.dll
Event: 0.357 Loaded shared library C:\Program Files\Java\jdk-21\bin\jimage.dll
Event: 0.450 Loaded shared library C:\Program Files\Java\jdk-21\bin\awt.dll
Event: 1.592 Loaded shared library C:\Program Files\Java\jdk-21\bin\zip.dll
Event: 1.788 Loaded shared library C:\Program Files\Java\jdk-21\bin\javajpeg.dll
Event: 3.028 Loaded shared library C:\Program Files\Java\jdk-21\bin\freetype.dll
Event: 3.040 Loaded shared library C:\Program Files\Java\jdk-21\bin\fontmanager.dll

Deoptimization events (20 events):
Event: 6.568 Thread 0x000001e06382b980 Uncommon trap: trap_request=0xffffffde fr.pc=0x000001e0759a2e50 relative=0x00000000000002f0
Event: 6.568 Thread 0x000001e06382b980 Uncommon trap: reason=class_check action=maybe_recompile pc=0x000001e0759a2e50 method=java.util.HashMap.getNode(Ljava/lang/Object;)Ljava/util/HashMap$Node; @ 63 c2
Event: 6.568 Thread 0x000001e06382b980 DEOPT PACKING pc=0x000001e0759a2e50 sp=0x0000006d4f0fe810
Event: 6.568 Thread 0x000001e06382b980 DEOPT UNPACKING pc=0x000001e0754146a2 sp=0x0000006d4f0fe788 mode 2
Event: 6.625 Thread 0x000001e07e6afc70 Uncommon trap: trap_request=0xffffff45 fr.pc=0x000001e07599e30c relative=0x000000000000070c
Event: 6.625 Thread 0x000001e07e6afc70 Uncommon trap: reason=unstable_if action=reinterpret pc=0x000001e07599e30c method=java.awt.image.ReplicateScaleFilter.setPixels(IIIILjava/awt/image/ColorModel;[III)V @ 4 c2
Event: 6.625 Thread 0x000001e07e6afc70 DEOPT PACKING pc=0x000001e07599e30c sp=0x0000006d505fe4b0
Event: 6.625 Thread 0x000001e07e6afc70 DEOPT UNPACKING pc=0x000001e0754146a2 sp=0x0000006d505fe418 mode 2
Event: 6.627 Thread 0x000001e07e6afc70 DEOPT PACKING pc=0x000001e06e0c6140 sp=0x0000006d505fe480
Event: 6.627 Thread 0x000001e07e6afc70 DEOPT UNPACKING pc=0x000001e075414e42 sp=0x0000006d505fd910 mode 0
Event: 6.629 Thread 0x000001e07e6afc70 DEOPT PACKING pc=0x000001e06e0c6140 sp=0x0000006d505fe480
Event: 6.629 Thread 0x000001e07e6afc70 DEOPT UNPACKING pc=0x000001e075414e42 sp=0x0000006d505fd910 mode 0
Event: 6.630 Thread 0x000001e07e6afc70 DEOPT PACKING pc=0x000001e06e0c6140 sp=0x0000006d505fe480
Event: 6.630 Thread 0x000001e07e6afc70 DEOPT UNPACKING pc=0x000001e075414e42 sp=0x0000006d505fd910 mode 0
Event: 6.632 Thread 0x000001e07e6afc70 DEOPT PACKING pc=0x000001e06e0c6140 sp=0x0000006d505fe480
Event: 6.632 Thread 0x000001e07e6afc70 DEOPT UNPACKING pc=0x000001e075414e42 sp=0x0000006d505fd910 mode 0
Event: 6.633 Thread 0x000001e07e6afc70 DEOPT PACKING pc=0x000001e06e0c6140 sp=0x0000006d505fe480
Event: 6.634 Thread 0x000001e07e6afc70 DEOPT UNPACKING pc=0x000001e075414e42 sp=0x0000006d505fd910 mode 0
Event: 6.636 Thread 0x000001e07e6afc70 DEOPT PACKING pc=0x000001e06e0c6140 sp=0x0000006d505fe480
Event: 6.636 Thread 0x000001e07e6afc70 DEOPT UNPACKING pc=0x000001e075414e42 sp=0x0000006d505fd910 mode 0

Classes loaded (20 events):
Event: 7.292 Loading class javax/swing/plaf/metal/MetalUtils
Event: 7.296 Loading class javax/swing/plaf/metal/MetalUtils done
Event: 7.465 Loading class javax/swing/Timer$1
Event: 7.465 Loading class javax/swing/Timer$1 done
Event: 7.530 Loading class java/awt/Container$MouseEventTargetFilter
Event: 7.530 Loading class java/awt/Container$EventTargetFilter
Event: 7.530 Loading class java/awt/Container$EventTargetFilter done
Event: 7.530 Loading class java/awt/Container$MouseEventTargetFilter done
Event: 7.530 Loading class java/awt/LightweightDispatcher$1
Event: 7.530 Loading class java/awt/LightweightDispatcher$1 done
Event: 7.530 Loading class java/awt/event/AWTEventListenerProxy
Event: 7.538 Loading class java/awt/event/AWTEventListenerProxy done
Event: 7.539 Loading class java/awt/Toolkit$SelectiveAWTEventListener
Event: 7.539 Loading class java/awt/Toolkit$SelectiveAWTEventListener done
Event: 7.539 Loading class java/awt/Toolkit$ToolkitEventMulticaster
Event: 7.539 Loading class java/awt/Toolkit$ToolkitEventMulticaster done
Event: 7.709 Loading class sun/font/SunFontManager$FamilyDescription
Event: 7.709 Loading class sun/font/SunFontManager$FamilyDescription done
Event: 7.709 Loading class sun/font/SunFontManager$4
Event: 7.710 Loading class sun/font/SunFontManager$4 done

Classes unloaded (0 events):
No events

Classes redefined (0 events):
No events

Internal exceptions (18 events):
Event: 0.260 Thread 0x000001e06382b980 Exception <a 'sun/nio/fs/WindowsException'{0x00000000c5277058}> (0x00000000c5277058) 
thrown [s\open\src\hotspot\share\prims\jni.cpp, line 520]
Event: 0.268 Thread 0x000001e06382b980 Exception <a 'sun/nio/fs/WindowsException'{0x00000000c52795f8}> (0x00000000c52795f8) 
thrown [s\open\src\hotspot\share\prims\jni.cpp, line 520]
Event: 0.268 Thread 0x000001e06382b980 Exception <a 'sun/nio/fs/WindowsException'{0x00000000c527a158}> (0x00000000c527a158) 
thrown [s\open\src\hotspot\share\prims\jni.cpp, line 520]
Event: 0.376 Thread 0x000001e06382b980 Exception <a 'java/lang/ClassNotFoundException'{0x00000000c515e618}: sun/awt/resources/spi/awtProvider> (0x00000000c515e618) 
thrown [s\open\src\hotspot\share\classfile\systemDictionary.cpp, line 312]
Event: 0.476 Thread 0x000001e06382b980 Exception <a 'java/io/FileNotFoundException'{0x00000000c51b3888}> (0x00000000c51b3888) 
thrown [s\open\src\hotspot\share\prims\jni.cpp, line 520]
Event: 0.486 Thread 0x000001e06382b980 Exception <a 'java/io/FileNotFoundException'{0x00000000c51ddab0}> (0x00000000c51ddab0) 
thrown [s\open\src\hotspot\share\prims\jni.cpp, line 520]
Event: 1.054 Thread 0x000001e06382b980 Exception <a 'java/lang/NoSuchMethodError'{0x00000000c50751b0}: 'void java.lang.invoke.DirectMethodHandle$Holder.invokeSpecial(java.lang.Object, java.lang.Object, java.lang.Object)'> (0x00000000c50751b0) 
thrown [s\open\src\hotspot\share\interpreter\linkResolver.cpp, line 773]
Event: 1.099 Thread 0x000001e06382b980 Exception <a 'java/lang/NoSuchMethodError'{0x00000000c4f15190}: 'java.lang.Object java.lang.invoke.DirectMethodHandle$Holder.newInvokeSpecial(java.lang.Object, java.lang.Object, java.lang.Object, java.lang.Object, java.lang.Object)'> (0x00000000c4f15190) 
thrown [s\open\src\hotspot\share\interpreter\linkResolver.cpp, line 773]
Event: 1.107 Thread 0x000001e06382b980 Exception <a 'java/lang/NoSuchMethodError'{0x00000000c4f40d18}: 'java.lang.Object java.lang.invoke.DirectMethodHandle$Holder.invokeStatic(java.lang.Object, int, java.lang.Object)'> (0x00000000c4f40d18) 
thrown [s\open\src\hotspot\share\interpreter\linkResolver.cpp, line 773]
Event: 1.150 Thread 0x000001e06382b980 Exception <a 'java/lang/ClassNotFoundException'{0x00000000c4fe0cc8}: com/sun/swing/internal/plaf/metal/resources/spi/metalProvider> (0x00000000c4fe0cc8) 
thrown [s\open\src\hotspot\share\classfile\systemDictionary.cpp, line 312]
Event: 1.159 Thread 0x000001e06382b980 Exception <a 'java/lang/ClassNotFoundException'{0x00000000c4fe4bd8}: com/sun/swing/internal/plaf/basic/resources/spi/basicProvider> (0x00000000c4fe4bd8) 
thrown [s\open\src\hotspot\share\classfile\systemDictionary.cpp, line 312]
Event: 1.309 Thread 0x000001e06382b980 Exception <a 'java/lang/NoSuchMethodError'{0x00000000c4e04208}: 'int java.lang.invoke.Invokers$Holder.invokeExact_MT(java.lang.Object, java.lang.Object)'> (0x00000000c4e04208) 
thrown [s\open\src\hotspot\share\interpreter\linkResolver.cpp, line 773]
Event: 1.790 Thread 0x000001e07e6afc70 Exception <a 'java/lang/NoSuchMethodError'{0x00000000c4de77f8}: 'java.lang.Object java.lang.invoke.DirectMethodHandle$Holder.newInvokeSpecial(java.lang.Object, java.lang.Object, java.lang.Object, int, int, int, int, int)'> (0x00000000c4de77f8) 
thrown [s\open\src\hotspot\share\interpreter\linkResolver.cpp, line 773]
Event: 2.830 Thread 0x000001e07e6af5e0 Exception <a 'java/lang/NoSuchMethodError'{0x00000000c52b9358}: 'void java.lang.invoke.DirectMethodHandle$Holder.invokeVirtual(java.lang.Object, java.lang.Object)'> (0x00000000c52b9358) 
thrown [s\open\src\hotspot\share\interpreter\linkResolver.cpp, line 773]
Event: 2.980 Thread 0x000001e06382b980 Exception <a 'java/lang/NoSuchMethodError'{0x00000000c527f298}: 'void java.lang.invoke.DirectMethodHandle$Holder.invokeStaticInit(java.lang.Object)'> (0x00000000c527f298) 
thrown [s\open\src\hotspot\share\interpreter\linkResolver.cpp, line 773]
Event: 3.835 Thread 0x000001e07f417460 Exception <a 'sun/java2d/InvalidPipeException'{0x00000000c519edc8}: bounds changed> (0x00000000c519edc8) 
thrown [s\open\src\hotspot\share\prims\jni.cpp, line 539]
Event: 3.838 Thread 0x000001e07f417460 Exception <a 'sun/java2d/InvalidPipeException'{0x00000000c519f408}: bounds changed> (0x00000000c519f408) 
thrown [s\open\src\hotspot\share\prims\jni.cpp, line 539]
Event: 6.625 Thread 0x000001e07e6afc70 Implicit null exception at 0x000001e07599dc60 to 0x000001e07599e2f8

ZGC Phase Switch (0 events):
No events

VM Operations (20 events):
Event: 6.089 Executing VM operation: G1TryInitiateConcMark (G1 Humongous Allocation) done
Event: 6.105 Executing VM operation: G1TryInitiateConcMark (G1 Humongous Allocation)
Event: 6.107 Executing VM operation: G1TryInitiateConcMark (G1 Humongous Allocation) done
Event: 6.370 Executing VM operation: HandshakeAllThreads (Deoptimize)
Event: 6.370 Executing VM operation: HandshakeAllThreads (Deoptimize) done
Event: 6.435 Executing VM operation: HandshakeAllThreads (Deoptimize)
Event: 6.435 Executing VM operation: HandshakeAllThreads (Deoptimize) done
Event: 6.438 Executing VM operation: HandshakeAllThreads (Deoptimize)
Event: 6.438 Executing VM operation: HandshakeAllThreads (Deoptimize) done
Event: 7.450 Executing VM operation: Cleanup
Event: 7.451 Executing VM operation: Cleanup done
Event: 7.538 Executing VM operation: HandshakeAllThreads (Deoptimize)
Event: 7.539 Executing VM operation: HandshakeAllThreads (Deoptimize) done
Event: 8.540 Executing VM operation: Cleanup
Event: 8.540 Executing VM operation: Cleanup done
Event: 9.472 Executing VM operation: G1TryInitiateConcMark (G1 Humongous Allocation)
Event: 9.475 Executing VM operation: G1TryInitiateConcMark (G1 Humongous Allocation) done
Event: 9.489 Executing VM operation: G1TryInitiateConcMark (G1 Humongous Allocation)
Event: 9.491 Executing VM operation: G1TryInitiateConcMark (G1 Humongous Allocation) done
Event: 9.725 Executing VM operation: G1TryInitiateConcMark (G1 Humongous Allocation)

Events (20 events):
Event: 5.065 Thread 0x000001e065ad8730 flushing nmethod 0x000001e06df5e290
Event: 5.065 Thread 0x000001e065ad8730 flushing nmethod 0x000001e06df5d610
Event: 5.065 Thread 0x000001e065ad8730 flushing nmethod 0x000001e06df5a610
Event: 5.065 Thread 0x000001e065ad8730 flushing nmethod 0x000001e06df59690
Event: 5.065 Thread 0x000001e065ad8730 flushing nmethod 0x000001e06df5d010
Event: 5.065 Thread 0x000001e065ad8730 flushing nmethod 0x000001e06df54d90
Event: 5.065 Thread 0x000001e065ad8730 flushing nmethod 0x000001e06ded1810
Event: 5.065 Thread 0x000001e065ad8730 flushing nmethod 0x000001e06deaa610
Event: 5.066 Thread 0x000001e065ad8730 flushing nmethod 0x000001e06dec3490
Event: 5.066 Thread 0x000001e065ad8730 flushing nmethod 0x000001e06dec3190
Event: 5.066 Thread 0x000001e065ad8730 flushing nmethod 0x000001e06deb1910
Event: 5.066 Thread 0x000001e065ad8730 flushing nmethod 0x000001e06de9ea10
Event: 5.066 Thread 0x000001e065ad8730 flushing nmethod 0x000001e06de9de90
Event: 5.066 Thread 0x000001e065ad8730 flushing nmethod 0x000001e06dea2890
Event: 5.066 Thread 0x000001e065ad8730 flushing nmethod 0x000001e06de9ae90
Event: 5.066 Thread 0x000001e065ad8730 flushing nmethod 0x000001e075999590
Event: 5.066 Thread 0x000001e065ad8730 flushing nmethod 0x000001e075992010
Event: 5.066 Thread 0x000001e065ad8730 flushing nmethod 0x000001e075963910
Event: 6.963 Thread 0x000001e07f4160b0 Thread added: 0x000001e07f4160b0
Event: 9.710 Thread 0x000001e07e6b0300 Thread exited: 0x000001e07e6b0300


Dynamic libraries:
0x00007ff787e40000 - 0x00007ff787e50000 	C:\Program Files\Java\jdk-21\bin\java.exe
0x00007ff8e0c30000 - 0x00007ff8e0e28000 	C:\WINDOWS\SYSTEM32\ntdll.dll
0x00007ff8dfd60000 - 0x00007ff8dfe1d000 	C:\WINDOWS\System32\KERNEL32.DLL
0x00007ff8de870000 - 0x00007ff8deb66000 	C:\WINDOWS\System32\KERNELBASE.dll
0x00007ff8de770000 - 0x00007ff8de870000 	C:\WINDOWS\System32\ucrtbase.dll
0x00007ff8d3c00000 - 0x00007ff8d3c1b000 	C:\Program Files\Java\jdk-21\bin\VCRUNTIME140.dll
0x00007ff8d5c70000 - 0x00007ff8d5c89000 	C:\Program Files\Java\jdk-21\bin\jli.dll
0x00007ff8deec0000 - 0x00007ff8def73000 	C:\WINDOWS\System32\ADVAPI32.dll
0x00007ff8dfb20000 - 0x00007ff8dfbbe000 	C:\WINDOWS\System32\msvcrt.dll
0x00007ff8e04c0000 - 0x00007ff8e055f000 	C:\WINDOWS\System32\sechost.dll
0x00007ff8e0390000 - 0x00007ff8e04b6000 	C:\WINDOWS\System32\RPCRT4.dll
0x00007ff8de520000 - 0x00007ff8de547000 	C:\WINDOWS\System32\bcrypt.dll
0x00007ff8e01f0000 - 0x00007ff8e038e000 	C:\WINDOWS\System32\USER32.dll
0x00007ff8de4f0000 - 0x00007ff8de512000 	C:\WINDOWS\System32\win32u.dll
0x00007ff8e01c0000 - 0x00007ff8e01eb000 	C:\WINDOWS\System32\GDI32.dll
0x00007ff8de5e0000 - 0x00007ff8de6f7000 	C:\WINDOWS\System32\gdi32full.dll
0x00007ff8de2f0000 - 0x00007ff8de38d000 	C:\WINDOWS\System32\msvcp_win.dll
0x00007ff8c9ad0000 - 0x00007ff8c9d6a000 	C:\WINDOWS\WinSxS\amd64_microsoft.windows.common-controls_6595b64144ccf1df_6.0.19041.3636_none_60b6a03d71f818d5\COMCTL32.dll
0x00007ff8d7fc0000 - 0x00007ff8d7fca000 	C:\WINDOWS\SYSTEM32\VERSION.dll
0x00007ff8e0180000 - 0x00007ff8e01b2000 	C:\WINDOWS\System32\IMM32.DLL
0x00007ff8d41b0000 - 0x00007ff8d41bc000 	C:\Program Files\Java\jdk-21\bin\vcruntime140_1.dll
0x00007ff8bfc70000 - 0x00007ff8bfcfe000 	C:\Program Files\Java\jdk-21\bin\msvcp140.dll
0x00007ff8ae1b0000 - 0x00007ff8aeec7000 	C:\Program Files\Java\jdk-21\bin\server\jvm.dll
0x00007ff8dfab0000 - 0x00007ff8dfb1b000 	C:\WINDOWS\System32\WS2_32.dll
0x00007ff8de1d0000 - 0x00007ff8de21b000 	C:\WINDOWS\SYSTEM32\POWRPROF.dll
0x00007ff8d3de0000 - 0x00007ff8d3e07000 	C:\WINDOWS\SYSTEM32\WINMM.dll
0x00007ff8de160000 - 0x00007ff8de172000 	C:\WINDOWS\SYSTEM32\UMPDC.dll
0x00007ff8dc360000 - 0x00007ff8dc372000 	C:\WINDOWS\SYSTEM32\kernel.appcore.dll
0x00007ff8d39c0000 - 0x00007ff8d39ca000 	C:\Program Files\Java\jdk-21\bin\jimage.dll
0x00007ff8dbf30000 - 0x00007ff8dc114000 	C:\WINDOWS\SYSTEM32\DBGHELP.DLL
0x00007ff8cc040000 - 0x00007ff8cc074000 	C:\WINDOWS\SYSTEM32\dbgcore.DLL
0x00007ff8de550000 - 0x00007ff8de5d2000 	C:\WINDOWS\System32\bcryptPrimitives.dll
0x00007ff8d3230000 - 0x00007ff8d324f000 	C:\Program Files\Java\jdk-21\bin\java.dll
0x00007ff8def80000 - 0x00007ff8df6c5000 	C:\WINDOWS\System32\SHELL32.dll
0x00007ff8dc380000 - 0x00007ff8dcb1c000 	C:\WINDOWS\SYSTEM32\windows.storage.dll
0x00007ff8dfe20000 - 0x00007ff8e0174000 	C:\WINDOWS\System32\combase.dll
0x00007ff8ddc50000 - 0x00007ff8ddc7e000 	C:\WINDOWS\SYSTEM32\Wldp.dll
0x00007ff8dfc30000 - 0x00007ff8dfcfd000 	C:\WINDOWS\System32\OLEAUT32.dll
0x00007ff8dee10000 - 0x00007ff8deebd000 	C:\WINDOWS\System32\SHCORE.dll
0x00007ff8dfd00000 - 0x00007ff8dfd55000 	C:\WINDOWS\System32\shlwapi.dll
0x00007ff8de220000 - 0x00007ff8de245000 	C:\WINDOWS\SYSTEM32\profapi.dll
0x00007ff8c0a90000 - 0x00007ff8c0b67000 	C:\Program Files\Java\jdk-21\bin\jsvml.dll
0x00007ff8d3410000 - 0x00007ff8d3420000 	C:\Program Files\Java\jdk-21\bin\net.dll
0x00007ff8d6a60000 - 0x00007ff8d6b6a000 	C:\WINDOWS\SYSTEM32\WINHTTP.dll
0x00007ff8dd9b0000 - 0x00007ff8dda1a000 	C:\WINDOWS\system32\mswsock.dll
0x00007ff8c7600000 - 0x00007ff8c7616000 	C:\Program Files\Java\jdk-21\bin\nio.dll
0x00007ff8b3f90000 - 0x00007ff8b411f000 	C:\Program Files\Java\jdk-21\bin\awt.dll
0x00007ff8db7b0000 - 0x00007ff8db840000 	C:\WINDOWS\SYSTEM32\apphelp.dll
0x00007ff8dbc00000 - 0x00007ff8dbc2f000 	C:\WINDOWS\system32\DWMAPI.DLL
0x00007ff8dba10000 - 0x00007ff8dbaae000 	C:\WINDOWS\system32\uxtheme.dll
0x00007ff8c9110000 - 0x00007ff8c9235000 	C:\WINDOWS\system32\opengl32.dll
0x00007ff8ce330000 - 0x00007ff8ce35c000 	C:\WINDOWS\SYSTEM32\GLU32.dll
0x00007ff8dec70000 - 0x00007ff8ded84000 	C:\WINDOWS\System32\MSCTF.dll
0x00007ff8df6d0000 - 0x00007ff8df7fb000 	C:\WINDOWS\System32\ole32.dll
0x00007ff8c7160000 - 0x00007ff8c7178000 	C:\Program Files\Java\jdk-21\bin\zip.dll
0x00007ff8d4030000 - 0x00007ff8d405e000 	C:\Program Files\Java\jdk-21\bin\javajpeg.dll
0x00007ff8bfbe0000 - 0x00007ff8bfc67000 	C:\Program Files\Java\jdk-21\bin\freetype.dll
0x00007ff8be1e0000 - 0x00007ff8be2c2000 	C:\Program Files\Java\jdk-21\bin\fontmanager.dll
0x00007ff8d3610000 - 0x00007ff8d3709000 	C:\WINDOWS\SYSTEM32\textinputframework.dll
0x00007ff8db570000 - 0x00007ff8db662000 	C:\WINDOWS\System32\CoreMessaging.dll
0x00007ff8db070000 - 0x00007ff8db3cb000 	C:\WINDOWS\System32\CoreUIComponents.dll
0x00007ff8da940000 - 0x00007ff8daa95000 	C:\WINDOWS\SYSTEM32\wintypes.dll
0x00007ff8dd400000 - 0x00007ff8dd433000 	C:\WINDOWS\SYSTEM32\ntmarta.dll
0x00007ff8df8b0000 - 0x00007ff8df959000 	C:\WINDOWS\System32\clbcatq.dll
0x00007ff8d5d10000 - 0x00007ff8d5ec4000 	C:\WINDOWS\SYSTEM32\WindowsCodecs.dll
0x00007ff8cccf0000 - 0x00007ff8ccd2e000 	C:\WINDOWS\system32\dataexchange.dll
0x00007ff8dae80000 - 0x00007ff8db063000 	C:\WINDOWS\system32\dcomp.dll
0x00007ff8d9bb0000 - 0x00007ff8d9e13000 	C:\WINDOWS\system32\d3d11.dll
0x00007ff8dcb80000 - 0x00007ff8dcc73000 	C:\WINDOWS\system32\dxgi.dll
0x00007ff8d8b00000 - 0x00007ff8d8d03000 	C:\WINDOWS\system32\twinapi.appcore.dll

dbghelp: loaded successfully - version: 4.0.5 - missing functions: none
symbol engine: initialized successfully - sym options: 0x614 - pdb path: .;C:\Program Files\Java\jdk-21\bin;C:\WINDOWS\SYSTEM32;C:\WINDOWS\WinSxS\amd64_microsoft.windows.common-controls_6595b64144ccf1df_6.0.19041.3636_none_60b6a03d71f818d5;C:\Program Files\Java\jdk-21\bin\server

VM Arguments:
jvm_args: -Dfile.encoding=UTF-8 --module-path=R:\CSJM University all files\projects\University Management System\build\classes 
java_command: university.management.system.Login
java_class_path (initial): R:\CSJM University all files\projects\University Management System\build\classes
Launcher Type: SUN_STANDARD

[Global flags]
     intx CICompilerCount                          = 3                                         {product} {ergonomic}
     uint ConcGCThreads                            = 1                                         {product} {ergonomic}
     uint G1ConcRefinementThreads                  = 4                                         {product} {ergonomic}
   size_t G1HeapRegionSize                         = 1048576                                   {product} {ergonomic}
    uintx GCDrainStackTargetSize                   = 64                                        {product} {ergonomic}
   size_t InitialHeapSize                          = 67108864                                  {product} {ergonomic}
   size_t MarkStackSize                            = 4194304                                   {product} {ergonomic}
   size_t MaxHeapSize                              = 1052770304                                {product} {ergonomic}
   size_t MaxNewSize                               = 631242752                                 {product} {ergonomic}
   size_t MinHeapDeltaBytes                        = 1048576                                   {product} {ergonomic}
   size_t MinHeapSize                              = 8388608                                   {product} {ergonomic}
    uintx NonNMethodCodeHeapSize                   = 5832780                                {pd product} {ergonomic}
    uintx NonProfiledCodeHeapSize                  = 122912730                              {pd product} {ergonomic}
    uintx ProfiledCodeHeapSize                     = 122912730                              {pd product} {ergonomic}
    uintx ReservedCodeCacheSize                    = 251658240                              {pd product} {ergonomic}
     bool SegmentedCodeCache                       = true                                      {product} {ergonomic}
   size_t SoftMaxHeapSize                          = 1052770304                             {manageable} {ergonomic}
     bool UseCompressedOops                        = true                           {product lp64_product} {ergonomic}
     bool UseG1GC                                  = true                                      {product} {ergonomic}
     bool UseLargePagesIndividualAllocation        = false                                  {pd product} {ergonomic}

Logging:
Log output configuration:
 #0: stdout all=warning uptime,level,tags foldmultilines=false
 #1: stderr all=off uptime,level,tags foldmultilines=false

Environment Variables:
PATH=C:\Program Files\Common Files\Oracle\Java\javapath;C:\Python;C:\Python\Scripts;C:\Program Files (x86)\Common Files\Oracle\Java\javapath;C:\WINDOWS\system32;C:\WINDOWS;C:\WINDOWS\System32\Wbem;C:\WINDOWS\System32\WindowsPowerShell\v1.0\;C:\WINDOWS\System32\OpenSSH\;C:\Program Files (x86)\HP\Common\HPDestPlgIn\;G:\matlab installing\runtime\win64;G:\matlab installing\bin;C:\Python 38;C:\Python 38\Scripts;C:\Program Files\Java\jdk1.7.0_80\bin;C:\Program Files\Java\jre1.8.0_191\bin;C:\Program Files\Cloudflare\Cloudflare WARP\;C:\Program Files\MySQL\MySQL Shell 8.0\bin\;C:\Program Files (x86)\HP\Common\HPDestPlgIn\;C:\Users\RAHUL\AppData\Local\Programs\Microsoft VS Code\bin;C:\Program Files (x86)\mingw-w64\i686-8.1.0-posix-dwarf-rt_v6-rev0\mingw32\bin;C:\Users\RAHUL\AppData\Local\Microsoft\WindowsApps;C:\MinGW\bin;
USERNAME=RAHUL
OS=Windows_NT
PROCESSOR_IDENTIFIER=Intel64 Family 6 Model 78 Stepping 3, GenuineIntel
TMP=C:\Users\RAHUL\AppData\Local\Temp
TEMP=C:\Users\RAHUL\AppData\Local\Temp




Periodic native trim disabled

---------------  S Y S T E M  ---------------

OS:
 Windows 10 , 64 bit Build 19041 (10.0.19041.3636)
OS uptime: 4 days 2:09 hours

CPU: total 4 (initial active 4) (2 cores per cpu, 2 threads per core) family 6 model 78 stepping 3 microcode 0xcc, cx8, cmov, fxsr, ht, mmx, 3dnowpref, sse, sse2, sse3, ssse3, sse4.1, sse4.2, popcnt, lzcnt, tsc, tscinvbit, avx, avx2, aes, erms, clmul, bmi1, bmi2, adx, fma, vzeroupper, clflush, clflushopt, rdtscp, f16c
Processor Information for all 4 processors :
  Max Mhz: 2000, Current Mhz: 2000, Mhz Limit: 2000

Memory: 4k page, system-wide physical 4012M (246M free)
TotalPageFile size 16290M (AvailPageFile size 71M)
current process WorkingSet (physical memory assigned to process): 153M, peak: 153M
current process commit charge ("private bytes"): 265M, peak: 499M

vm_info: Java HotSpot(TM) 64-Bit Server VM (21.0.2+13-LTS-58) for windows-amd64 JRE (21.0.2+13-LTS-58), built on 2024-01-05T18:32:24Z by "mach5one" with MS VC++ 17.1 (VS2022)

END.
